#
# A fatal error has been detected by the Java Runtime Environment:
#
#  Internal Error (generateOopMap.cpp:2165), pid=15088, tid=18788
#  fatal error: Illegal class file encountered. Try running with -Xverify:all in method registUsers
#
# JRE version: OpenJDK Runtime Environment Temurin-17.0.6+10 (17.0.6+10) (build 17.0.6+10)
# Java VM: OpenJDK 64-Bit Server VM Temurin-17.0.6+10 (17.0.6+10, mixed mode, emulated-client, tiered, compressed oops, compressed class ptrs, g1 gc, windows-amd64)
# No core dump will be written. Minidumps are not enabled by default on client versions of Windows
#
# If you would like to submit a bug report, please visit:
#   https://github.com/adoptium/adoptium-support/issues
#

---------------  S U M M A R Y ------------

Command Line: -XX:+ShowCodeDetailsInExceptionMessages -agentlib:jdwp=transport=dt_socket,suspend=y,address=localhost:61764 -Dcom.sun.management.jmxremote -Dcom.sun.management.jmxremote.port=61763 -Dcom.sun.management.jmxremote.authenticate=false -Dcom.sun.management.jmxremote.ssl=false -Djava.rmi.server.hostname=localhost -Dspring.jmx.enabled=true -Dmanagement.endpoints.jmx.exposure.include=* -Dspring.application.admin.enabled=true -XX:TieredStopAtLevel=1 -Dspring.boot.project.name=premium -javaagent:D:\Dev\Tools\STS\sts-4.17.2.RELEASE\contents\sts-4.17.2.RELEASE\configuration\org.eclipse.osgi\267\0\.cp\lib\javaagent-shaded.jar -Dfile.encoding=UTF-8 co.smartooth.app.AppApplication --spring.output.ansi.enabled=always

Host: 12th Gen Intel(R) Core(TM) i5-12400, 12 cores, 31G,  Windows 10 , 64 bit Build 19041 (10.0.19041.3393)
Time: Thu Sep 21 16:28:19 2023  Windows 10 , 64 bit Build 19041 (10.0.19041.3393) elapsed time: 1113.082042 seconds (0d 0h 18m 33s)

---------------  T H R E A D  ---------------

Current thread (0x000001ac0b307730):  GCTaskThread "GC Thread#3" [stack: 0x0000004232d00000,0x0000004232e00000] [id=18788]

Stack: [0x0000004232d00000,0x0000004232e00000]
Native frames: (J=compiled Java code, j=interpreted, Vv=VM code, C=native code)
V  [jvm.dll+0x67741a]
V  [jvm.dll+0x834434]
V  [jvm.dll+0x835bde]
V  [jvm.dll+0x2454df]
V  [jvm.dll+0x339c24]
V  [jvm.dll+0x33728a]
V  [jvm.dll+0x33865e]
V  [jvm.dll+0x335caf]
V  [jvm.dll+0x334f67]
V  [jvm.dll+0x6657ea]
V  [jvm.dll+0x666054]
V  [jvm.dll+0x629db7]
V  [jvm.dll+0x2c8cba]
V  [jvm.dll+0x2c8511]
V  [jvm.dll+0x2c84a5]
V  [jvm.dll+0x7e8506]
V  [jvm.dll+0x7e8399]
V  [jvm.dll+0x7e8940]
V  [jvm.dll+0x317dcc]
V  [jvm.dll+0x317c65]
V  [jvm.dll+0x2ded54]
V  [jvm.dll+0x2e07ab]
V  [jvm.dll+0x8612eb]
V  [jvm.dll+0x861336]
V  [jvm.dll+0x7e483a]
V  [jvm.dll+0x6762c5]
C  [ucrtbase.dll+0x21bb2]
C  [KERNEL32.DLL+0x17344]
C  [ntdll.dll+0x526b1]

JavaThread 0x000001ac0c858830 (nid = 13324) was being processed
Java frames: (J=compiled Java code, j=interpreted, Vv=VM code)
v  ~RuntimeStub::new_type_array Runtime1 stub
J 7039 c1 org.apache.xmlbeans.impl.store.Saver$TextSaver.resize(II)I (760 bytes) @ 0x000001ac711dea6d [0x000001ac711de660+0x000000000000040d]
J 6913 c1 org.apache.xmlbeans.impl.store.Saver$TextSaver.preEmit(I)Z (658 bytes) @ 0x000001ac70c5f3b4 [0x000001ac70c5f340+0x0000000000000074]
J 6951 c1 org.apache.xmlbeans.impl.store.Saver$TextSaver.emit(C)V (388 bytes) @ 0x000001ac70bb4f6c [0x000001ac70bb4f20+0x000000000000004c]
J 7038 c1 org.apache.xmlbeans.impl.store.Saver$TextSaver.emitElement(Lorg/apache/xmlbeans/impl/store/Saver$SaveCur;Ljava/util/List;Ljava/util/List;)Z (136 bytes) @ 0x000001ac711df6b4 [0x000001ac711df660+0x0000000000000054]
J 6985 c1 org.apache.xmlbeans.impl.store.Saver.processElement()V (397 bytes) @ 0x000001ac70e861d4 [0x000001ac70e858a0+0x0000000000000934]
J 6903 c1 org.apache.xmlbeans.impl.store.Saver.process()Z (222 bytes) @ 0x000001ac711da1ec [0x000001ac711da0a0+0x000000000000014c]
J 7027 c1 org.apache.xmlbeans.impl.store.Saver$TextSaver.saveToString()Ljava/lang/String; (62 bytes) @ 0x000001ac70e83c24 [0x000001ac70e83bc0+0x0000000000000064]
J 7028 c1 org.apache.xmlbeans.impl.store.Cursor._xmlText(Lorg/apache/xmlbeans/XmlOptions;)Ljava/lang/String; (38 bytes) @ 0x000001ac711f2894 [0x000001ac711f27c0+0x00000000000000d4]
J 7025 c1 org.apache.xmlbeans.impl.store.Cursor$$Lambda$1193+0x000000080091cb88.get()Ljava/lang/Object; (12 bytes) @ 0x000001ac711f5bfc [0x000001ac711f5ba0+0x000000000000005c]
J 7024 c1 org.apache.xmlbeans.impl.store.Cursor.syncWrapHelper(Ljava/util/function/Supplier;Z)Ljava/lang/Object; (48 bytes) @ 0x000001ac711f4c5c [0x000001ac711f4be0+0x000000000000007c]
J 7023 c1 org.apache.xmlbeans.impl.store.Cursor.syncWrap(Ljava/util/function/Supplier;)Ljava/lang/Object; (38 bytes) @ 0x000001ac711f52d4 [0x000001ac711f51e0+0x00000000000000f4]
J 7011 c1 org.apache.poi.xssf.model.SharedStringsTable.xmlText(Lorg/openxmlformats/schemas/spreadsheetml/x2006/main/CTRst;)Ljava/lang/String; (10 bytes) @ 0x000001ac7113c524 [0x000001ac7113c200+0x0000000000000324]
j  org.apache.poi.xssf.model.SharedStringsTable.readFrom(Ljava/io/InputStream;)V+88
j  org.apache.poi.xssf.model.SharedStringsTable.<init>(Lorg/apache/poi/openxml4j/opc/PackagePart;)V+36
j  org.apache.poi.xssf.usermodel.XSSFRelation$$Lambda$1069+0x00000008008b28c0.init(Lorg/apache/poi/openxml4j/opc/PackagePart;)Lorg/apache/poi/ooxml/POIXMLDocumentPart;+5
j  org.apache.poi.ooxml.POIXMLFactory.createDocumentPart(Lorg/apache/poi/ooxml/POIXMLDocumentPart;Lorg/apache/poi/openxml4j/opc/PackagePart;)Lorg/apache/poi/ooxml/POIXMLDocumentPart;+73
j  org.apache.poi.ooxml.POIXMLDocumentPart.read(Lorg/apache/poi/ooxml/POIXMLFactory;Ljava/util/Map;)V+236
j  org.apache.poi.ooxml.POIXMLDocument.load(Lorg/apache/poi/ooxml/POIXMLFactory;)V+11
j  org.apache.poi.xssf.usermodel.XSSFWorkbook.<init>(Lorg/apache/poi/openxml4j/opc/OPCPackage;)V+54
j  org.apache.poi.xssf.usermodel.XSSFWorkbook.<init>(Ljava/io/InputStream;Z)V+6
j  org.apache.poi.xssf.usermodel.XSSFWorkbook.<init>(Ljava/io/InputStream;)V+3
j  co.smartooth.admin.controller.AdminEncodeController.registUsers(Lorg/springframework/web/multipart/MultipartFile;)Ljava/lang/String;+176
v  ~StubRoutines::call_stub
J 3022  jdk.internal.reflect.NativeMethodAccessorImpl.invoke0(Ljava/lang/reflect/Method;Ljava/lang/Object;[Ljava/lang/Object;)Ljava/lang/Object; java.base@17.0.6 (0 bytes) @ 0x000001ac70c3dfa7 [0x000001ac70c3df20+0x0000000000000087]
J 3021 c1 jdk.internal.reflect.NativeMethodAccessorImpl.invoke(Ljava/lang/Object;[Ljava/lang/Object;)Ljava/lang/Object; java.base@17.0.6 (137 bytes) @ 0x000001ac70c3f734 [0x000001ac70c3f400+0x0000000000000334]
J 2999 c1 jdk.internal.reflect.DelegatingMethodAccessorImpl.invoke(Ljava/lang/Object;[Ljava/lang/Object;)Ljava/lang/Object; java.base@17.0.6 (10 bytes) @ 0x000001ac70c36284 [0x000001ac70c36220+0x0000000000000064]
J 3001 c1 java.lang.reflect.Method.invoke(Ljava/lang/Object;[Ljava/lang/Object;)Ljava/lang/Object; java.base@17.0.6 (65 bytes) @ 0x000001ac70c36a0c [0x000001ac70c368e0+0x000000000000012c]
j  org.springframework.web.method.support.InvocableHandlerMethod.doInvoke([Ljava/lang/Object;)Ljava/lang/Object;+28
j  org.springframework.web.method.support.InvocableHandlerMethod.invokeForRequest(Lorg/springframework/web/context/request/NativeWebRequest;Lorg/springframework/web/method/support/ModelAndViewContainer;[Ljava/lang/Object;)Ljava/lang/Object;+54
j  org.springframework.web.servlet.mvc.method.annotation.ServletInvocableHandlerMethod.invokeAndHandle(Lorg/springframework/web/context/request/ServletWebRequest;Lorg/springframework/web/method/support/ModelAndViewContainer;[Ljava/lang/Object;)V+4
j  org.springframework.web.servlet.mvc.method.annotation.RequestMappingHandlerAdapter.invokeHandlerMethod(Ljavax/servlet/http/HttpServletRequest;Ljavax/servlet/http/HttpServletResponse;Lorg/springframework/web/method/HandlerMethod;)Lorg/springframework/web/servlet/ModelAndView;+244
j  org.springframework.web.servlet.mvc.method.annotation.RequestMappingHandlerAdapter.handleInternal(Ljavax/servlet/http/HttpServletRequest;Ljavax/servlet/http/HttpServletResponse;Lorg/springframework/web/method/HandlerMethod;)Lorg/springframework/web/servlet/ModelAndView;+81
j  org.springframework.web.servlet.mvc.method.AbstractHandlerMethodAdapter.handle(Ljavax/servlet/http/HttpServletRequest;Ljavax/servlet/http/HttpServletResponse;Ljava/lang/Object;)Lorg/springframework/web/servlet/ModelAndView;+7
j  org.springframework.web.servlet.DispatcherServlet.doDispatch(Ljavax/servlet/http/HttpServletRequest;Ljavax/servlet/http/HttpServletResponse;)V+259
j  org.springframework.web.servlet.DispatcherServlet.doService(Ljavax/servlet/http/HttpServletRequest;Ljavax/servlet/http/HttpServletResponse;)V+241
j  org.springframework.web.servlet.FrameworkServlet.processRequest(Ljavax/servlet/http/HttpServletRequest;Ljavax/servlet/http/HttpServletResponse;)V+71
j  org.springframework.web.servlet.FrameworkServlet.doPost(Ljavax/servlet/http/HttpServletRequest;Ljavax/servlet/http/HttpServletResponse;)V+3
j  javax.servlet.http.HttpServlet.service(Ljavax/servlet/http/HttpServletRequest;Ljavax/servlet/http/HttpServletResponse;)V+149
j  org.springframework.web.servlet.FrameworkServlet.service(Ljavax/servlet/http/HttpServletRequest;Ljavax/servlet/http/HttpServletResponse;)V+33
j  javax.servlet.http.HttpServlet.service(Ljavax/servlet/ServletRequest;Ljavax/servlet/ServletResponse;)V+36
j  org.apache.catalina.core.ApplicationFilterChain.internalDoFilter(Ljavax/servlet/ServletRequest;Ljavax/servlet/ServletResponse;)V+304
j  org.apache.catalina.core.ApplicationFilterChain.doFilter(Ljavax/servlet/ServletRequest;Ljavax/servlet/ServletResponse;)V+99
j  org.apache.tomcat.websocket.server.WsFilter.doFilter(Ljavax/servlet/ServletRequest;Ljavax/servlet/ServletResponse;Ljavax/servlet/FilterChain;)V+21
j  org.apache.catalina.core.ApplicationFilterChain.internalDoFilter(Ljavax/servlet/ServletRequest;Ljavax/servlet/ServletResponse;)V+135
j  org.apache.catalina.core.ApplicationFilterChain.doFilter(Ljavax/servlet/ServletRequest;Ljavax/servlet/ServletResponse;)V+99
j  org.springframework.web.filter.RequestContextFilter.doFilterInternal(Ljavax/servlet/http/HttpServletRequest;Ljavax/servlet/http/HttpServletResponse;Ljavax/servlet/FilterChain;)V+21
j  org.springframework.web.filter.OncePerRequestFilter.doFilter(Ljavax/servlet/ServletRequest;Ljavax/servlet/ServletResponse;Ljavax/servlet/FilterChain;)V+147
j  org.apache.catalina.core.ApplicationFilterChain.internalDoFilter(Ljavax/servlet/ServletRequest;Ljavax/servlet/ServletResponse;)V+135
j  org.apache.catalina.core.ApplicationFilterChain.doFilter(Ljavax/servlet/ServletRequest;Ljavax/servlet/ServletResponse;)V+99
j  org.springframework.web.filter.FormContentFilter.doFilterInternal(Ljavax/servlet/http/HttpServletRequest;Ljavax/servlet/http/HttpServletResponse;Ljavax/servlet/FilterChain;)V+38
j  org.springframework.web.filter.OncePerRequestFilter.doFilter(Ljavax/servlet/ServletRequest;Ljavax/servlet/ServletResponse;Ljavax/servlet/FilterChain;)V+147
j  org.apache.catalina.core.ApplicationFilterChain.internalDoFilter(Ljavax/servlet/ServletRequest;Ljavax/servlet/ServletResponse;)V+135
j  org.apache.catalina.core.ApplicationFilterChain.doFilter(Ljavax/servlet/ServletRequest;Ljavax/servlet/ServletResponse;)V+99
j  org.springframework.web.filter.CharacterEncodingFilter.doFilterInternal(Ljavax/servlet/http/HttpServletRequest;Ljavax/servlet/http/HttpServletResponse;Ljavax/servlet/FilterChain;)V+53
j  org.springframework.web.filter.OncePerRequestFilter.doFilter(Ljavax/servlet/ServletRequest;Ljavax/servlet/ServletResponse;Ljavax/servlet/FilterChain;)V+147
j  org.apache.catalina.core.ApplicationFilterChain.internalDoFilter(Ljavax/servlet/ServletRequest;Ljavax/servlet/ServletResponse;)V+135
j  org.apache.catalina.core.ApplicationFilterChain.doFilter(Ljavax/servlet/ServletRequest;Ljavax/servlet/ServletResponse;)V+99
j  org.apache.catalina.core.StandardWrapperValve.invoke(Lorg/apache/catalina/connector/Request;Lorg/apache/catalina/connector/Response;)V+694
j  org.apache.catalina.core.StandardContextValve.invoke(Lorg/apache/catalina/connector/Request;Lorg/apache/catalina/connector/Response;)V+169
j  org.apache.catalina.authenticator.AuthenticatorBase.invoke(Lorg/apache/catalina/connector/Request;Lorg/apache/catalina/connector/Response;)V+260
j  org.apache.catalina.core.StandardHostValve.invoke(Lorg/apache/catalina/connector/Request;Lorg/apache/catalina/connector/Response;)V+128
j  org.apache.catalina.valves.ErrorReportValve.invoke(Lorg/apache/catalina/connector/Request;Lorg/apache/catalina/connector/Response;)V+6
j  org.apache.catalina.core.StandardEngineValve.invoke(Lorg/apache/catalina/connector/Request;Lorg/apache/catalina/connector/Response;)V+59
j  org.apache.catalina.connector.CoyoteAdapter.service(Lorg/apache/coyote/Request;Lorg/apache/coyote/Response;)V+203
j  org.apache.coyote.http11.Http11Processor.service(Lorg/apache/tomcat/util/net/SocketWrapperBase;)Lorg/apache/tomcat/util/net/AbstractEndpoint$Handler$SocketState;+796
j  org.apache.coyote.AbstractProcessorLight.process(Lorg/apache/tomcat/util/net/SocketWrapperBase;Lorg/apache/tomcat/util/net/SocketEvent;)Lorg/apache/tomcat/util/net/AbstractEndpoint$Handler$SocketState;+170
j  org.apache.coyote.AbstractProtocol$ConnectionHandler.process(Lorg/apache/tomcat/util/net/SocketWrapperBase;Lorg/apache/tomcat/util/net/SocketEvent;)Lorg/apache/tomcat/util/net/AbstractEndpoint$Handler$SocketState;+489
j  org.apache.tomcat.util.net.NioEndpoint$SocketProcessor.doRun()V+216
j  org.apache.tomcat.util.net.SocketProcessorBase.run()V+21
j  org.apache.tomcat.util.threads.ThreadPoolExecutor.runWorker(Lorg/apache/tomcat/util/threads/ThreadPoolExecutor$Worker;)V+92
j  org.apache.tomcat.util.threads.ThreadPoolExecutor$Worker.run()V+5
j  org.apache.tomcat.util.threads.TaskThread$WrappingRunnable.run()V+4
j  java.lang.Thread.run()V+11 java.base@17.0.6
v  ~StubRoutines::call_stub

---------------  P R O C E S S  ---------------

Threads class SMR info:
_java_thread_list=0x000001ac0ea04d10, length=44, elements={
0x000001ac7f3ff620, 0x000001ac7f400120, 0x000001ac7f3d3340, 0x000001ac7f4153a0,
0x000001ac7f417c70, 0x000001ac7f456a50, 0x000001ac7f457310, 0x000001ac7f463120,
0x000001ac7f5d1ed0, 0x000001ac7f66c630, 0x000001ac7f66f480, 0x000001ac7f671c80,
0x000001ac7f5d3210, 0x000001ac7f5d3bb0, 0x000001ac7f5d4550, 0x000001ac7f5d23a0,
0x000001ac7f5d1060, 0x000001ac7f5d1530, 0x000001ac7f5d1a00, 0x000001ac0c858d00,
0x000001ac0c85bd20, 0x000001ac0c85c1f0, 0x000001ac0c85aeb0, 0x000001ac0c858830,
0x000001ac0edc6280, 0x000001ac0edc3730, 0x000001ac0edc6750, 0x000001ac0edc1a50,
0x000001ac0edc8900, 0x000001ac0edc75c0, 0x000001ac0edc28c0, 0x000001ac0edc10b0,
0x000001ac0edc3c00, 0x000001ac0edc23f0, 0x000001ac0edc6c20, 0x000001ac0edc2d90,
0x000001ac0edc5db0, 0x000001ac0edc7f60, 0x000001ac0edc8430, 0x000001ac0edc1580,
0x000001ac0edc40d0, 0x000001ac0edc1f20, 0x000001ac0edc45a0, 0x000001ac11b06870
}

Java Threads: ( => current thread )
  0x000001ac7f3ff620 JavaThread "Reference Handler" daemon [_thread_blocked, id=19692, stack(0x0000004231900000,0x0000004231a00000)]
  0x000001ac7f400120 JavaThread "Finalizer" daemon [_thread_blocked, id=16636, stack(0x0000004231a00000,0x0000004231b00000)]
  0x000001ac7f3d3340 JavaThread "Signal Dispatcher" daemon [_thread_blocked, id=9948, stack(0x0000004231b00000,0x0000004231c00000)]
  0x000001ac7f4153a0 JavaThread "Attach Listener" daemon [_thread_blocked, id=26124, stack(0x0000004231c00000,0x0000004231d00000)]
  0x000001ac7f417c70 JavaThread "Service Thread" daemon [_thread_blocked, id=5444, stack(0x0000004231d00000,0x0000004231e00000)]
  0x000001ac7f456a50 JavaThread "Monitor Deflation Thread" daemon [_thread_blocked, id=12340, stack(0x0000004231e00000,0x0000004231f00000)]
  0x000001ac7f457310 JavaThread "C1 CompilerThread0" daemon [_thread_blocked, id=25532, stack(0x0000004231f00000,0x0000004232000000)]
  0x000001ac7f463120 JavaThread "Sweeper thread" daemon [_thread_blocked, id=18796, stack(0x0000004232000000,0x0000004232100000)]
  0x000001ac7f5d1ed0 JavaThread "Common-Cleaner" daemon [_thread_blocked, id=12652, stack(0x0000004232100000,0x0000004232200000)]
  0x000001ac7f66c630 JavaThread "JDWP Transport Listener: dt_socket" daemon [_thread_blocked, id=25980, stack(0x0000004232300000,0x0000004232400000)]
  0x000001ac7f66f480 JavaThread "JDWP Event Helper Thread" daemon [_thread_blocked, id=24656, stack(0x0000004232400000,0x0000004232500000)]
  0x000001ac7f671c80 JavaThread "JDWP Command Reader" daemon [_thread_in_native, id=12000, stack(0x0000004232500000,0x0000004232600000)]
  0x000001ac7f5d3210 JavaThread "Notification Thread" daemon [_thread_blocked, id=10080, stack(0x0000004232600000,0x0000004232700000)]
  0x000001ac7f5d3bb0 JavaThread "RMI TCP Accept-0" daemon [_thread_in_native, id=23180, stack(0x0000004232700000,0x0000004232800000)]
  0x000001ac7f5d4550 JavaThread "RMI TCP Accept-61763" daemon [_thread_in_native, id=8896, stack(0x0000004232800000,0x0000004232900000)]
  0x000001ac7f5d23a0 JavaThread "RMI TCP Accept-0" daemon [_thread_in_native, id=25508, stack(0x0000004232900000,0x0000004232a00000)]
  0x000001ac7f5d1060 JavaThread "RMI Scheduler(0)" daemon [_thread_blocked, id=3652, stack(0x0000004233700000,0x0000004233800000)]
  0x000001ac7f5d1530 JavaThread "JMX server connection timeout 25" daemon [_thread_blocked, id=23788, stack(0x0000004233900000,0x0000004233a00000)]
  0x000001ac7f5d1a00 JavaThread "logback-2" daemon [_thread_blocked, id=22604, stack(0x0000004233a00000,0x0000004233b00000)]
  0x000001ac0c858d00 JavaThread "Catalina-utility-1" [_thread_blocked, id=19172, stack(0x0000004233f00000,0x0000004234000000)]
  0x000001ac0c85bd20 JavaThread "Catalina-utility-2" [_thread_blocked, id=11812, stack(0x0000004234000000,0x0000004234100000)]
  0x000001ac0c85c1f0 JavaThread "container-0" [_thread_blocked, id=11732, stack(0x0000004234100000,0x0000004234200000)]
  0x000001ac0c85aeb0 JavaThread "http-nio-8092-exec-1" daemon [_thread_blocked, id=14848, stack(0x0000004234300000,0x0000004234400000)]
  0x000001ac0c858830 JavaThread "http-nio-8092-exec-2" daemon [_thread_blocked, id=13324, stack(0x0000004234400000,0x0000004234500000)]
  0x000001ac0edc6280 JavaThread "http-nio-8092-exec-3" daemon [_thread_blocked, id=13480, stack(0x0000004234500000,0x0000004234600000)]
  0x000001ac0edc3730 JavaThread "http-nio-8092-exec-4" daemon [_thread_blocked, id=21160, stack(0x0000004234600000,0x0000004234700000)]
  0x000001ac0edc6750 JavaThread "http-nio-8092-exec-5" daemon [_thread_blocked, id=15020, stack(0x0000004234700000,0x0000004234800000)]
  0x000001ac0edc1a50 JavaThread "http-nio-8092-exec-6" daemon [_thread_blocked, id=9648, stack(0x0000004234800000,0x0000004234900000)]
  0x000001ac0edc8900 JavaThread "http-nio-8092-exec-7" daemon [_thread_blocked, id=9992, stack(0x0000004234900000,0x0000004234a00000)]
  0x000001ac0edc75c0 JavaThread "http-nio-8092-exec-8" daemon [_thread_blocked, id=12572, stack(0x0000004234a00000,0x0000004234b00000)]
  0x000001ac0edc28c0 JavaThread "http-nio-8092-exec-9" daemon [_thread_blocked, id=26160, stack(0x0000004234b00000,0x0000004234c00000)]
  0x000001ac0edc10b0 JavaThread "http-nio-8092-exec-10" daemon [_thread_blocked, id=12444, stack(0x0000004234c00000,0x0000004234d00000)]
  0x000001ac0edc3c00 JavaThread "http-nio-8092-Poller" daemon [_thread_in_native, id=25628, stack(0x0000004234d00000,0x0000004234e00000)]
  0x000001ac0edc23f0 JavaThread "http-nio-8092-Acceptor" daemon [_thread_in_native, id=14460, stack(0x0000004234e00000,0x0000004234f00000)]
  0x000001ac0edc6c20 JavaThread "DestroyJavaVM" [_thread_blocked, id=20380, stack(0x0000004231200000,0x0000004231300000)]
  0x000001ac0edc2d90 JavaThread "RMI TCP Connection(idle)" daemon [_thread_blocked, id=15760, stack(0x0000004235700000,0x0000004235800000)]
  0x000001ac0edc5db0 JavaThread "logback-3" daemon [_thread_blocked, id=20904, stack(0x0000004233c00000,0x0000004233d00000)]
  0x000001ac0edc7f60 JavaThread "logback-4" daemon [_thread_blocked, id=19284, stack(0x0000004230f00000,0x0000004231000000)]
  0x000001ac0edc8430 JavaThread "logback-5" daemon [_thread_blocked, id=23344, stack(0x0000004231000000,0x0000004231100000)]
  0x000001ac0edc1580 JavaThread "logback-6" daemon [_thread_blocked, id=4728, stack(0x0000004231100000,0x0000004231200000)]
  0x000001ac0edc40d0 JavaThread "logback-7" daemon [_thread_blocked, id=15836, stack(0x0000004232200000,0x0000004232300000)]
  0x000001ac0edc1f20 JavaThread "logback-8" daemon [_thread_blocked, id=15112, stack(0x0000004233600000,0x0000004233700000)]
  0x000001ac0edc45a0 JavaThread "logback-9" daemon [_thread_blocked, id=24516, stack(0x0000004233800000,0x0000004233900000)]
  0x000001ac11b06870 JavaThread "C1 CompilerThread1" daemon [_thread_blocked, id=24552, stack(0x0000004233b00000,0x0000004233c00000)]

Other Threads:
  0x000001ac7f3ea630 VMThread "VM Thread" [stack: 0x0000004231800000,0x0000004231900000] [id=20072]
  0x000001ac0b29f270 WatcherThread [stack: 0x0000004232a00000,0x0000004232b00000] [id=21292]
  0x000001ac6ce4a6b0 GCTaskThread "GC Thread#0" [stack: 0x0000004231300000,0x0000004231400000] [id=19228]
  0x000001ac0b3ae680 GCTaskThread "GC Thread#1" [stack: 0x0000004232b00000,0x0000004232c00000] [id=2144]
  0x000001ac0b3071d0 GCTaskThread "GC Thread#2" [stack: 0x0000004232c00000,0x0000004232d00000] [id=11548]
=>0x000001ac0b307730 GCTaskThread "GC Thread#3" [stack: 0x0000004232d00000,0x0000004232e00000] [id=18788]
  0x000001ac0b306f20 GCTaskThread "GC Thread#4" [stack: 0x0000004232e00000,0x0000004232f00000] [id=14244]
  0x000001ac0b307480 GCTaskThread "GC Thread#5" [stack: 0x0000004232f00000,0x0000004233000000] [id=23268]
  0x000001ac0b307f40 GCTaskThread "GC Thread#6" [stack: 0x0000004233000000,0x0000004233100000] [id=24892]
  0x000001ac0b3079e0 GCTaskThread "GC Thread#7" [stack: 0x0000004233100000,0x0000004233200000] [id=4088]
  0x000001ac0b307c90 GCTaskThread "GC Thread#8" [stack: 0x0000004233200000,0x0000004233300000] [id=16784]
  0x000001ac0b3081f0 GCTaskThread "GC Thread#9" [stack: 0x0000004233300000,0x0000004233400000] [id=22652]
  0x000001ac7e6b0890 ConcurrentGCThread "G1 Main Marker" [stack: 0x0000004231400000,0x0000004231500000] [id=11452]
  0x000001ac6ce4c240 ConcurrentGCThread "G1 Conc#0" [stack: 0x0000004231500000,0x0000004231600000] [id=23548]
  0x000001ac0b306c70 ConcurrentGCThread "G1 Conc#1" [stack: 0x0000004233d00000,0x0000004233e00000] [id=14376]
  0x000001ac0c0fee20 ConcurrentGCThread "G1 Conc#2" [stack: 0x0000004233e00000,0x0000004233f00000] [id=13384]
  0x000001ac7e78e3f0 ConcurrentGCThread "G1 Refine#0" [stack: 0x0000004231600000,0x0000004231700000] [id=12200]
  0x000001ac0bc2b270 ConcurrentGCThread "G1 Refine#1" [stack: 0x0000004233400000,0x0000004233500000] [id=14404]
  0x000001ac0b30a470 ConcurrentGCThread "G1 Refine#2" [stack: 0x0000004233500000,0x0000004233600000] [id=22152]
  0x000001ac0c3d8370 ConcurrentGCThread "G1 Refine#3" [stack: 0x0000004234f00000,0x0000004235000000] [id=24600]
  0x000001ac0c3d8650 ConcurrentGCThread "G1 Refine#4" [stack: 0x0000004235400000,0x0000004235500000] [id=19032]
  0x000001ac0c3d9790 ConcurrentGCThread "G1 Refine#5" [stack: 0x0000004235600000,0x0000004235700000] [id=9064]
  0x000001ac0c3d8090 ConcurrentGCThread "G1 Refine#6" [stack: 0x0000004235800000,0x0000004235900000] [id=20672]
  0x000001ac0c3d9a70 ConcurrentGCThread "G1 Refine#7" [stack: 0x0000004235900000,0x0000004235a00000] [id=8492]
  0x000001ac0c3d8930 ConcurrentGCThread "G1 Refine#8" [stack: 0x0000004235a00000,0x0000004235b00000] [id=26120]
  0x000001ac0c3d8c10 ConcurrentGCThread "G1 Refine#9" [stack: 0x0000004235b00000,0x0000004235c00000] [id=21684]
  0x000001ac7e78ebc0 ConcurrentGCThread "G1 Service" [stack: 0x0000004231700000,0x0000004231800000] [id=24280]

Threads with active compile tasks:

VM state: at safepoint (normal execution)

VM Mutex/Monitor currently owned by a thread:  ([mutex/lock_event])
[0x000001ac6cd979b0] Threads_lock - owner thread: 0x000001ac7f3ea630
[0x000001ac6cd972f0] Heap_lock - owner thread: 0x000001ac0c858830

Heap address: 0x0000000604000000, size: 8128 MB, Compressed Oops mode: Zero based, Oop shift amount: 3

CDS archive(s) not mapped
Compressed class space mapped at: 0x0000000800000000-0x0000000840000000, reserved size: 1073741824
Narrow klass base: 0x0000000800000000, Narrow klass shift: 0, Narrow klass range: 0x40000000

GC Precious Log:
 CPUs: 12 total, 12 available
 Memory: 32509M
 Large Page Support: Disabled
 NUMA Support: Disabled
 Compressed Oops: Enabled (Zero based)
 Heap Region Size: 4M
 Heap Min Capacity: 8M
 Heap Initial Capacity: 508M
 Heap Max Capacity: 8128M
 Pre-touch: Disabled
 Parallel Workers: 10
 Concurrent Workers: 3
 Concurrent Refinement Workers: 10
 Periodic GC: Disabled

Heap:
 garbage-first heap   total 823296K, used 611280K [0x0000000604000000, 0x0000000800000000)
  region size 4096K, 78 young (319488K), 9 survivors (36864K)
 Metaspace       used 78431K, committed 79040K, reserved 1122304K
  class space    used 9810K, committed 10112K, reserved 1048576K

Heap Regions: E=young(eden), S=young(survivor), O=old, HS=humongous(starts), HC=humongous(continues), CS=collection set, F=free, OA=open archive, CA=closed archive, TAMS=top-at-mark-start (previous, next)
|   0|0x0000000604000000, 0x0000000604400000, 0x0000000604400000|100%| O|  |TAMS 0x0000000604400000, 0x0000000604000000| Untracked 
|   1|0x0000000604400000, 0x0000000604800000, 0x0000000604800000|100%| O|  |TAMS 0x0000000604800000, 0x0000000604400000| Untracked 
|   2|0x0000000604800000, 0x0000000604c00000, 0x0000000604c00000|100%| O|  |TAMS 0x0000000604c00000, 0x0000000604800000| Untracked 
|   3|0x0000000604c00000, 0x0000000605000000, 0x0000000605000000|100%| O|  |TAMS 0x0000000605000000, 0x0000000604c00000| Untracked 
|   4|0x0000000605000000, 0x0000000605400000, 0x0000000605400000|100%| O|  |TAMS 0x0000000605400000, 0x0000000605000000| Untracked 
|   5|0x0000000605400000, 0x0000000605800000, 0x0000000605800000|100%| O|  |TAMS 0x0000000605800000, 0x0000000605400000| Untracked 
|   6|0x0000000605800000, 0x0000000605c00000, 0x0000000605c00000|100%| O|  |TAMS 0x0000000605c00000, 0x0000000605800000| Untracked 
|   7|0x0000000605c00000, 0x0000000606000000, 0x0000000606000000|100%| O|  |TAMS 0x0000000606000000, 0x0000000605c00000| Untracked 
|   8|0x0000000606000000, 0x0000000606400000, 0x0000000606400000|100%| O|  |TAMS 0x0000000606400000, 0x0000000606000000| Untracked 
|   9|0x0000000606400000, 0x0000000606800000, 0x0000000606800000|100%| O|  |TAMS 0x0000000606800000, 0x0000000606400000| Untracked 
|  10|0x0000000606800000, 0x0000000606c00000, 0x0000000606c00000|100%|HS|  |TAMS 0x0000000606c00000, 0x0000000606800000| Complete 
|  11|0x0000000606c00000, 0x0000000607000000, 0x0000000607000000|100%|HC|  |TAMS 0x0000000607000000, 0x0000000606c00000| Complete 
|  12|0x0000000607000000, 0x0000000607400000, 0x0000000607400000|100%|HC|  |TAMS 0x0000000607400000, 0x0000000607000000| Complete 
|  13|0x0000000607400000, 0x0000000607800000, 0x0000000607800000|100%| O|  |TAMS 0x0000000607800000, 0x0000000607400000| Untracked 
|  14|0x0000000607800000, 0x0000000607c00000, 0x0000000607c00000|100%| O|  |TAMS 0x0000000607c00000, 0x0000000607800000| Untracked 
|  15|0x0000000607c00000, 0x0000000608000000, 0x0000000608000000|100%| O|  |TAMS 0x0000000608000000, 0x0000000607c00000| Untracked 
|  16|0x0000000608000000, 0x0000000608400000, 0x0000000608400000|100%| O|  |TAMS 0x0000000608400000, 0x0000000608000000| Untracked 
|  17|0x0000000608400000, 0x0000000608800000, 0x0000000608800000|100%| O|  |TAMS 0x0000000608800000, 0x0000000608400000| Untracked 
|  18|0x0000000608800000, 0x0000000608c00000, 0x0000000608c00000|100%| O|  |TAMS 0x0000000608c00000, 0x0000000608800000| Untracked 
|  19|0x0000000608c00000, 0x0000000609000000, 0x0000000609000000|100%| O|  |TAMS 0x0000000609000000, 0x0000000608c00000| Untracked 
|  20|0x0000000609000000, 0x0000000609400000, 0x0000000609400000|100%| O|  |TAMS 0x0000000609000000, 0x0000000609000000| Untracked 
|  21|0x0000000609400000, 0x0000000609800000, 0x0000000609800000|100%| O|  |TAMS 0x0000000609400000, 0x0000000609400000| Untracked 
|  22|0x0000000609800000, 0x0000000609c00000, 0x0000000609c00000|100%| O|  |TAMS 0x0000000609800000, 0x0000000609800000| Untracked 
|  23|0x0000000609c00000, 0x000000060a000000, 0x000000060a000000|100%| O|  |TAMS 0x0000000609c00000, 0x0000000609c00000| Untracked 
|  24|0x000000060a000000, 0x000000060a400000, 0x000000060a400000|100%| O|  |TAMS 0x000000060a000000, 0x000000060a000000| Untracked 
|  25|0x000000060a400000, 0x000000060a800000, 0x000000060a800000|100%| O|  |TAMS 0x000000060a800000, 0x000000060a400000| Untracked 
|  26|0x000000060a800000, 0x000000060ac00000, 0x000000060ac00000|100%| O|  |TAMS 0x000000060ac00000, 0x000000060a800000| Untracked 
|  27|0x000000060ac00000, 0x000000060b000000, 0x000000060b000000|100%| O|  |TAMS 0x000000060b000000, 0x000000060ac00000| Untracked 
|  28|0x000000060b000000, 0x000000060b400000, 0x000000060b400000|100%| O|  |TAMS 0x000000060b400000, 0x000000060b000000| Untracked 
|  29|0x000000060b400000, 0x000000060b800000, 0x000000060b800000|100%| O|  |TAMS 0x000000060b800000, 0x000000060b400000| Untracked 
|  30|0x000000060b800000, 0x000000060bc00000, 0x000000060bc00000|100%| O|  |TAMS 0x000000060bc00000, 0x000000060b800000| Untracked 
|  31|0x000000060bc00000, 0x000000060c000000, 0x000000060c000000|100%| O|  |TAMS 0x000000060c000000, 0x000000060bc00000| Untracked 
|  32|0x000000060c000000, 0x000000060c400000, 0x000000060c400000|100%| O|  |TAMS 0x000000060c400000, 0x000000060c000000| Untracked 
|  33|0x000000060c400000, 0x000000060c800000, 0x000000060c800000|100%| O|  |TAMS 0x000000060c800000, 0x000000060c400000| Untracked 
|  34|0x000000060c800000, 0x000000060cc00000, 0x000000060cc00000|100%| O|  |TAMS 0x000000060c9b5e00, 0x000000060c800000| Untracked 
|  35|0x000000060cc00000, 0x000000060d000000, 0x000000060d000000|100%| O|  |TAMS 0x000000060cc00000, 0x000000060cc00000| Untracked 
|  36|0x000000060d000000, 0x000000060d400000, 0x000000060d400000|100%| O|  |TAMS 0x000000060d000000, 0x000000060d000000| Untracked 
|  37|0x000000060d400000, 0x000000060d800000, 0x000000060d800000|100%| O|  |TAMS 0x000000060d400000, 0x000000060d400000| Untracked 
|  38|0x000000060d800000, 0x000000060dc00000, 0x000000060dc00000|100%| O|  |TAMS 0x000000060d800000, 0x000000060d800000| Untracked 
|  39|0x000000060dc00000, 0x000000060e000000, 0x000000060e000000|100%| O|  |TAMS 0x000000060dc00000, 0x000000060dc00000| Untracked 
|  40|0x000000060e000000, 0x000000060e400000, 0x000000060e400000|100%| O|  |TAMS 0x000000060e000000, 0x000000060e000000| Untracked 
|  41|0x000000060e400000, 0x000000060e800000, 0x000000060e800000|100%| O|  |TAMS 0x000000060e400000, 0x000000060e400000| Untracked 
|  42|0x000000060e800000, 0x000000060ec00000, 0x000000060ec00000|100%| O|  |TAMS 0x000000060e800000, 0x000000060e800000| Untracked 
|  43|0x000000060ec00000, 0x000000060f000000, 0x000000060f000000|100%| O|  |TAMS 0x000000060ec00000, 0x000000060ec00000| Untracked 
|  44|0x000000060f000000, 0x000000060f400000, 0x000000060f400000|100%| O|  |TAMS 0x000000060f000000, 0x000000060f000000| Untracked 
|  45|0x000000060f400000, 0x000000060f800000, 0x000000060f800000|100%| O|  |TAMS 0x000000060f400000, 0x000000060f400000| Untracked 
|  46|0x000000060f800000, 0x000000060fc00000, 0x000000060fc00000|100%| O|  |TAMS 0x000000060f800000, 0x000000060f800000| Untracked 
|  47|0x000000060fc00000, 0x0000000610000000, 0x0000000610000000|100%| O|  |TAMS 0x000000060fc00000, 0x000000060fc00000| Untracked 
|  48|0x0000000610000000, 0x0000000610400000, 0x0000000610400000|100%| O|  |TAMS 0x0000000610000000, 0x0000000610000000| Untracked 
|  49|0x0000000610400000, 0x0000000610800000, 0x0000000610800000|100%| O|  |TAMS 0x0000000610400000, 0x0000000610400000| Untracked 
|  50|0x0000000610800000, 0x0000000610c00000, 0x0000000610c00000|100%| O|  |TAMS 0x0000000610800000, 0x0000000610800000| Untracked 
|  51|0x0000000610c00000, 0x0000000611000000, 0x0000000611000000|100%| O|  |TAMS 0x0000000610c00000, 0x0000000610c00000| Untracked 
|  52|0x0000000611000000, 0x0000000611034400, 0x0000000611400000|  5%| O|  |TAMS 0x0000000611000000, 0x0000000611000000| Untracked 
|  53|0x0000000611400000, 0x0000000611800000, 0x0000000611800000|100%|HS|  |TAMS 0x0000000611400000, 0x0000000611400000| Complete 
|  54|0x0000000611800000, 0x0000000611c00000, 0x0000000611c00000|100%|HC|  |TAMS 0x0000000611800000, 0x0000000611800000| Complete 
|  55|0x0000000611c00000, 0x0000000612000000, 0x0000000612000000|100%|HC|  |TAMS 0x0000000611c00000, 0x0000000611c00000| Complete 
|  56|0x0000000612000000, 0x0000000612400000, 0x0000000612400000|100%|HS|  |TAMS 0x0000000612000000, 0x0000000612000000| Complete 
|  57|0x0000000612400000, 0x0000000612800000, 0x0000000612800000|100%|HC|  |TAMS 0x0000000612400000, 0x0000000612400000| Complete 
|  58|0x0000000612800000, 0x0000000612c00000, 0x0000000612c00000|100%|HC|  |TAMS 0x0000000612800000, 0x0000000612800000| Complete 
|  59|0x0000000612c00000, 0x0000000612c00000, 0x0000000613000000|  0%| F|  |TAMS 0x0000000612c00000, 0x0000000612c00000| Untracked 
|  60|0x0000000613000000, 0x0000000613000000, 0x0000000613400000|  0%| F|  |TAMS 0x0000000613000000, 0x0000000613000000| Untracked 
|  61|0x0000000613400000, 0x0000000613400000, 0x0000000613800000|  0%| F|  |TAMS 0x0000000613400000, 0x0000000613400000| Untracked 
|  62|0x0000000613800000, 0x0000000613800000, 0x0000000613c00000|  0%| F|  |TAMS 0x0000000613800000, 0x0000000613800000| Untracked 
|  63|0x0000000613c00000, 0x0000000613c00000, 0x0000000614000000|  0%| F|  |TAMS 0x0000000613c00000, 0x0000000613c00000| Untracked 
|  64|0x0000000614000000, 0x0000000614000000, 0x0000000614400000|  0%| F|  |TAMS 0x0000000614000000, 0x0000000614000000| Untracked 
|  65|0x0000000614400000, 0x0000000614400000, 0x0000000614800000|  0%| F|  |TAMS 0x0000000614400000, 0x0000000614400000| Untracked 
|  66|0x0000000614800000, 0x0000000614800000, 0x0000000614c00000|  0%| F|  |TAMS 0x0000000614800000, 0x0000000614800000| Untracked 
|  67|0x0000000614c00000, 0x0000000614c00000, 0x0000000615000000|  0%| F|  |TAMS 0x0000000614c00000, 0x0000000614c00000| Untracked 
|  68|0x0000000615000000, 0x0000000615000000, 0x0000000615400000|  0%| F|  |TAMS 0x0000000615000000, 0x0000000615000000| Untracked 
|  69|0x0000000615400000, 0x0000000615400000, 0x0000000615800000|  0%| F|  |TAMS 0x0000000615400000, 0x0000000615400000| Untracked 
|  70|0x0000000615800000, 0x0000000615800000, 0x0000000615c00000|  0%| F|  |TAMS 0x0000000615800000, 0x0000000615800000| Untracked 
|  71|0x0000000615c00000, 0x0000000615c00000, 0x0000000616000000|  0%| F|  |TAMS 0x0000000615c00000, 0x0000000615c00000| Untracked 
|  72|0x0000000616000000, 0x0000000616000000, 0x0000000616400000|  0%| F|  |TAMS 0x0000000616000000, 0x0000000616000000| Untracked 
|  73|0x0000000616400000, 0x0000000616400000, 0x0000000616800000|  0%| F|  |TAMS 0x0000000616400000, 0x0000000616400000| Untracked 
|  74|0x0000000616800000, 0x0000000616800000, 0x0000000616c00000|  0%| F|  |TAMS 0x0000000616800000, 0x0000000616800000| Untracked 
|  75|0x0000000616c00000, 0x0000000616c00000, 0x0000000617000000|  0%| F|  |TAMS 0x0000000616c00000, 0x0000000616c00000| Untracked 
|  76|0x0000000617000000, 0x0000000617000000, 0x0000000617400000|  0%| F|  |TAMS 0x0000000617000000, 0x0000000617000000| Untracked 
|  77|0x0000000617400000, 0x0000000617400000, 0x0000000617800000|  0%| F|  |TAMS 0x0000000617400000, 0x0000000617400000| Untracked 
|  78|0x0000000617800000, 0x0000000617800000, 0x0000000617c00000|  0%| F|  |TAMS 0x0000000617800000, 0x0000000617800000| Untracked 
|  79|0x0000000617c00000, 0x0000000617c00000, 0x0000000618000000|  0%| F|  |TAMS 0x0000000617c00000, 0x0000000617c00000| Untracked 
|  80|0x0000000618000000, 0x0000000618000000, 0x0000000618400000|  0%| F|  |TAMS 0x0000000618000000, 0x0000000618000000| Untracked 
|  81|0x0000000618400000, 0x0000000618400000, 0x0000000618800000|  0%| F|  |TAMS 0x0000000618400000, 0x0000000618400000| Untracked 
|  82|0x0000000618800000, 0x0000000618800000, 0x0000000618c00000|  0%| F|  |TAMS 0x0000000618800000, 0x0000000618800000| Untracked 
|  83|0x0000000618c00000, 0x0000000618c00000, 0x0000000619000000|  0%| F|  |TAMS 0x0000000618c00000, 0x0000000618c00000| Untracked 
|  84|0x0000000619000000, 0x00000006190bff80, 0x0000000619400000| 18%| E|CS|TAMS 0x0000000619000000, 0x0000000619000000| Complete 
|  85|0x0000000619400000, 0x0000000619800000, 0x0000000619800000|100%| E|CS|TAMS 0x0000000619400000, 0x0000000619400000| Complete 
|  86|0x0000000619800000, 0x0000000619800000, 0x0000000619c00000|  0%| F|  |TAMS 0x0000000619800000, 0x0000000619800000| Untracked 
|  87|0x0000000619c00000, 0x0000000619c00000, 0x000000061a000000|  0%| F|  |TAMS 0x0000000619c00000, 0x0000000619c00000| Untracked 
|  88|0x000000061a000000, 0x000000061a000000, 0x000000061a400000|  0%| F|  |TAMS 0x000000061a000000, 0x000000061a000000| Untracked 
|  89|0x000000061a400000, 0x000000061a800000, 0x000000061a800000|100%| E|CS|TAMS 0x000000061a400000, 0x000000061a400000| Complete 
|  90|0x000000061a800000, 0x000000061ac00000, 0x000000061ac00000|100%| E|CS|TAMS 0x000000061a800000, 0x000000061a800000| Complete 
|  91|0x000000061ac00000, 0x000000061b000000, 0x000000061b000000|100%| E|CS|TAMS 0x000000061ac00000, 0x000000061ac00000| Complete 
|  92|0x000000061b000000, 0x000000061b400000, 0x000000061b400000|100%| E|CS|TAMS 0x000000061b000000, 0x000000061b000000| Complete 
|  93|0x000000061b400000, 0x000000061b400000, 0x000000061b800000|  0%| F|  |TAMS 0x000000061b400000, 0x000000061b400000| Untracked 
|  94|0x000000061b800000, 0x000000061b800000, 0x000000061bc00000|  0%| F|  |TAMS 0x000000061b800000, 0x000000061b800000| Untracked 
|  95|0x000000061bc00000, 0x000000061bc00000, 0x000000061c000000|  0%| F|  |TAMS 0x000000061bc00000, 0x000000061bc00000| Untracked 
|  96|0x000000061c000000, 0x000000061c000000, 0x000000061c400000|  0%| F|  |TAMS 0x000000061c000000, 0x000000061c000000| Untracked 
|  97|0x000000061c400000, 0x000000061c400000, 0x000000061c800000|  0%| F|  |TAMS 0x000000061c400000, 0x000000061c400000| Untracked 
|  98|0x000000061c800000, 0x000000061c800000, 0x000000061cc00000|  0%| F|  |TAMS 0x000000061c800000, 0x000000061c800000| Untracked 
|  99|0x000000061cc00000, 0x000000061cc00000, 0x000000061d000000|  0%| F|  |TAMS 0x000000061cc00000, 0x000000061cc00000| Untracked 
| 100|0x000000061d000000, 0x000000061d000000, 0x000000061d400000|  0%| F|  |TAMS 0x000000061d000000, 0x000000061d000000| Untracked 
| 101|0x000000061d400000, 0x000000061d400000, 0x000000061d800000|  0%| F|  |TAMS 0x000000061d400000, 0x000000061d400000| Untracked 
| 102|0x000000061d800000, 0x000000061d800000, 0x000000061dc00000|  0%| F|  |TAMS 0x000000061d800000, 0x000000061d800000| Untracked 
| 103|0x000000061dc00000, 0x000000061dc00000, 0x000000061e000000|  0%| F|  |TAMS 0x000000061dc00000, 0x000000061dc00000| Untracked 
| 104|0x000000061e000000, 0x000000061e000000, 0x000000061e400000|  0%| F|  |TAMS 0x000000061e000000, 0x000000061e000000| Untracked 
| 105|0x000000061e400000, 0x000000061e400000, 0x000000061e800000|  0%| F|  |TAMS 0x000000061e400000, 0x000000061e400000| Untracked 
| 106|0x000000061e800000, 0x000000061eabd168, 0x000000061ec00000| 68%| S|  |TAMS 0x000000061e800000, 0x000000061e800000| Complete 
| 107|0x000000061ec00000, 0x000000061f000000, 0x000000061f000000|100%| S|  |TAMS 0x000000061ec00000, 0x000000061ec00000| Complete 
| 108|0x000000061f000000, 0x000000061f400000, 0x000000061f400000|100%| S|  |TAMS 0x000000061f000000, 0x000000061f000000| Complete 
| 109|0x000000061f400000, 0x000000061f800000, 0x000000061f800000|100%| S|  |TAMS 0x000000061f400000, 0x000000061f400000| Complete 
| 110|0x000000061f800000, 0x000000061fc00000, 0x000000061fc00000|100%| S|  |TAMS 0x000000061f800000, 0x000000061f800000| Complete 
| 111|0x000000061fc00000, 0x0000000620000000, 0x0000000620000000|100%| S|  |TAMS 0x000000061fc00000, 0x000000061fc00000| Complete 
| 112|0x0000000620000000, 0x0000000620400000, 0x0000000620400000|100%| S|  |TAMS 0x0000000620000000, 0x0000000620000000| Complete 
| 113|0x0000000620400000, 0x0000000620800000, 0x0000000620800000|100%| S|  |TAMS 0x0000000620400000, 0x0000000620400000| Complete 
| 114|0x0000000620800000, 0x0000000620c00000, 0x0000000620c00000|100%| S|  |TAMS 0x0000000620800000, 0x0000000620800000| Complete 
| 115|0x0000000620c00000, 0x0000000621000000, 0x0000000621000000|100%| E|CS|TAMS 0x0000000620c00000, 0x0000000620c00000| Complete 
| 116|0x0000000621000000, 0x0000000621400000, 0x0000000621400000|100%| E|CS|TAMS 0x0000000621000000, 0x0000000621000000| Complete 
| 117|0x0000000621400000, 0x0000000621800000, 0x0000000621800000|100%| E|CS|TAMS 0x0000000621400000, 0x0000000621400000| Complete 
| 118|0x0000000621800000, 0x0000000621c00000, 0x0000000621c00000|100%| E|CS|TAMS 0x0000000621800000, 0x0000000621800000| Complete 
| 119|0x0000000621c00000, 0x0000000622000000, 0x0000000622000000|100%| E|CS|TAMS 0x0000000621c00000, 0x0000000621c00000| Complete 
| 120|0x0000000622000000, 0x0000000622400000, 0x0000000622400000|100%| E|CS|TAMS 0x0000000622000000, 0x0000000622000000| Complete 
| 121|0x0000000622400000, 0x0000000622800000, 0x0000000622800000|100%| E|CS|TAMS 0x0000000622400000, 0x0000000622400000| Complete 
| 122|0x0000000622800000, 0x0000000622c00000, 0x0000000622c00000|100%| E|CS|TAMS 0x0000000622800000, 0x0000000622800000| Complete 
| 123|0x0000000622c00000, 0x0000000623000000, 0x0000000623000000|100%| E|CS|TAMS 0x0000000622c00000, 0x0000000622c00000| Complete 
| 124|0x0000000623000000, 0x0000000623400000, 0x0000000623400000|100%| E|CS|TAMS 0x0000000623000000, 0x0000000623000000| Complete 
| 125|0x0000000623400000, 0x0000000623800000, 0x0000000623800000|100%| E|CS|TAMS 0x0000000623400000, 0x0000000623400000| Complete 
| 126|0x0000000623800000, 0x0000000623c00000, 0x0000000623c00000|100%| E|CS|TAMS 0x0000000623800000, 0x0000000623800000| Complete 
| 127|0x0000000623c00000, 0x0000000624000000, 0x0000000624000000|100%| E|CS|TAMS 0x0000000623c00000, 0x0000000623c00000| Complete 
| 128|0x0000000624000000, 0x0000000624400000, 0x0000000624400000|100%| E|CS|TAMS 0x0000000624000000, 0x0000000624000000| Complete 
| 129|0x0000000624400000, 0x0000000624800000, 0x0000000624800000|100%| E|CS|TAMS 0x0000000624400000, 0x0000000624400000| Complete 
| 130|0x0000000624800000, 0x0000000624c00000, 0x0000000624c00000|100%| E|CS|TAMS 0x0000000624800000, 0x0000000624800000| Complete 
| 131|0x0000000624c00000, 0x0000000625000000, 0x0000000625000000|100%| E|CS|TAMS 0x0000000624c00000, 0x0000000624c00000| Complete 
| 132|0x0000000625000000, 0x0000000625400000, 0x0000000625400000|100%| E|CS|TAMS 0x0000000625000000, 0x0000000625000000| Complete 
| 133|0x0000000625400000, 0x0000000625800000, 0x0000000625800000|100%| E|CS|TAMS 0x0000000625400000, 0x0000000625400000| Complete 
| 134|0x0000000625800000, 0x0000000625c00000, 0x0000000625c00000|100%| E|CS|TAMS 0x0000000625800000, 0x0000000625800000| Complete 
| 135|0x0000000625c00000, 0x0000000626000000, 0x0000000626000000|100%| E|CS|TAMS 0x0000000625c00000, 0x0000000625c00000| Complete 
| 136|0x0000000626000000, 0x0000000626400000, 0x0000000626400000|100%| E|CS|TAMS 0x0000000626000000, 0x0000000626000000| Complete 
| 137|0x0000000626400000, 0x0000000626800000, 0x0000000626800000|100%| E|CS|TAMS 0x0000000626400000, 0x0000000626400000| Complete 
| 138|0x0000000626800000, 0x0000000626c00000, 0x0000000626c00000|100%| E|CS|TAMS 0x0000000626800000, 0x0000000626800000| Complete 
| 139|0x0000000626c00000, 0x0000000627000000, 0x0000000627000000|100%| E|CS|TAMS 0x0000000626c00000, 0x0000000626c00000| Complete 
| 140|0x0000000627000000, 0x0000000627400000, 0x0000000627400000|100%| E|CS|TAMS 0x0000000627000000, 0x0000000627000000| Complete 
| 141|0x0000000627400000, 0x0000000627800000, 0x0000000627800000|100%| E|CS|TAMS 0x0000000627400000, 0x0000000627400000| Complete 
| 142|0x0000000627800000, 0x0000000627c00000, 0x0000000627c00000|100%| E|CS|TAMS 0x0000000627800000, 0x0000000627800000| Complete 
| 143|0x0000000627c00000, 0x0000000628000000, 0x0000000628000000|100%| E|CS|TAMS 0x0000000627c00000, 0x0000000627c00000| Complete 
| 144|0x0000000628000000, 0x0000000628400000, 0x0000000628400000|100%| E|CS|TAMS 0x0000000628000000, 0x0000000628000000| Complete 
| 145|0x0000000628400000, 0x0000000628800000, 0x0000000628800000|100%| E|CS|TAMS 0x0000000628400000, 0x0000000628400000| Complete 
| 146|0x0000000628800000, 0x0000000628c00000, 0x0000000628c00000|100%| E|CS|TAMS 0x0000000628800000, 0x0000000628800000| Complete 
| 147|0x0000000628c00000, 0x0000000629000000, 0x0000000629000000|100%| E|CS|TAMS 0x0000000628c00000, 0x0000000628c00000| Complete 
| 148|0x0000000629000000, 0x0000000629400000, 0x0000000629400000|100%| E|CS|TAMS 0x0000000629000000, 0x0000000629000000| Complete 
| 149|0x0000000629400000, 0x0000000629800000, 0x0000000629800000|100%| E|CS|TAMS 0x0000000629400000, 0x0000000629400000| Complete 
| 150|0x0000000629800000, 0x0000000629c00000, 0x0000000629c00000|100%| E|CS|TAMS 0x0000000629800000, 0x0000000629800000| Complete 
| 151|0x0000000629c00000, 0x000000062a000000, 0x000000062a000000|100%| E|CS|TAMS 0x0000000629c00000, 0x0000000629c00000| Complete 
| 152|0x000000062a000000, 0x000000062a400000, 0x000000062a400000|100%| E|CS|TAMS 0x000000062a000000, 0x000000062a000000| Complete 
| 153|0x000000062a400000, 0x000000062a800000, 0x000000062a800000|100%| E|CS|TAMS 0x000000062a400000, 0x000000062a400000| Complete 
| 154|0x000000062a800000, 0x000000062ac00000, 0x000000062ac00000|100%| E|CS|TAMS 0x000000062a800000, 0x000000062a800000| Complete 
| 155|0x000000062ac00000, 0x000000062b000000, 0x000000062b000000|100%| E|CS|TAMS 0x000000062ac00000, 0x000000062ac00000| Complete 
| 156|0x000000062b000000, 0x000000062b400000, 0x000000062b400000|100%| E|CS|TAMS 0x000000062b000000, 0x000000062b000000| Complete 
| 157|0x000000062b400000, 0x000000062b800000, 0x000000062b800000|100%| E|CS|TAMS 0x000000062b400000, 0x000000062b400000| Complete 
| 158|0x000000062b800000, 0x000000062bc00000, 0x000000062bc00000|100%| E|CS|TAMS 0x000000062b800000, 0x000000062b800000| Complete 
| 159|0x000000062bc00000, 0x000000062c000000, 0x000000062c000000|100%| E|CS|TAMS 0x000000062bc00000, 0x000000062bc00000| Complete 
| 160|0x000000062c000000, 0x000000062c400000, 0x000000062c400000|100%| E|CS|TAMS 0x000000062c000000, 0x000000062c000000| Complete 
| 161|0x000000062c400000, 0x000000062c800000, 0x000000062c800000|100%| E|CS|TAMS 0x000000062c400000, 0x000000062c400000| Complete 
| 162|0x000000062c800000, 0x000000062cc00000, 0x000000062cc00000|100%| E|CS|TAMS 0x000000062c800000, 0x000000062c800000| Complete 
| 163|0x000000062cc00000, 0x000000062d000000, 0x000000062d000000|100%| E|CS|TAMS 0x000000062cc00000, 0x000000062cc00000| Complete 
| 164|0x000000062d000000, 0x000000062d400000, 0x000000062d400000|100%| E|CS|TAMS 0x000000062d000000, 0x000000062d000000| Complete 
| 165|0x000000062d400000, 0x000000062d800000, 0x000000062d800000|100%| E|CS|TAMS 0x000000062d400000, 0x000000062d400000| Complete 
| 166|0x000000062d800000, 0x000000062dc00000, 0x000000062dc00000|100%| E|CS|TAMS 0x000000062d800000, 0x000000062d800000| Complete 
| 167|0x000000062dc00000, 0x000000062e000000, 0x000000062e000000|100%| E|CS|TAMS 0x000000062dc00000, 0x000000062dc00000| Complete 
| 168|0x000000062e000000, 0x000000062e400000, 0x000000062e400000|100%| E|CS|TAMS 0x000000062e000000, 0x000000062e000000| Complete 
| 169|0x000000062e400000, 0x000000062e800000, 0x000000062e800000|100%| E|CS|TAMS 0x000000062e400000, 0x000000062e400000| Complete 
| 170|0x000000062e800000, 0x000000062ec00000, 0x000000062ec00000|100%| E|CS|TAMS 0x000000062e800000, 0x000000062e800000| Complete 
| 171|0x000000062ec00000, 0x000000062f000000, 0x000000062f000000|100%| E|CS|TAMS 0x000000062ec00000, 0x000000062ec00000| Complete 
| 172|0x000000062f000000, 0x000000062f400000, 0x000000062f400000|100%| E|CS|TAMS 0x000000062f000000, 0x000000062f000000| Complete 
| 173|0x000000062f400000, 0x000000062f800000, 0x000000062f800000|100%| E|CS|TAMS 0x000000062f400000, 0x000000062f400000| Complete 
| 174|0x000000062f800000, 0x000000062fc00000, 0x000000062fc00000|100%| E|CS|TAMS 0x000000062f800000, 0x000000062f800000| Complete 
| 175|0x000000062fc00000, 0x0000000630000000, 0x0000000630000000|100%| E|CS|TAMS 0x000000062fc00000, 0x000000062fc00000| Complete 
| 176|0x0000000630000000, 0x0000000630400000, 0x0000000630400000|100%| E|CS|TAMS 0x0000000630000000, 0x0000000630000000| Complete 
| 177|0x0000000630400000, 0x0000000630800000, 0x0000000630800000|100%| E|CS|TAMS 0x0000000630400000, 0x0000000630400000| Complete 
| 178|0x0000000630800000, 0x0000000630c00000, 0x0000000630c00000|100%| E|CS|TAMS 0x0000000630800000, 0x0000000630800000| Complete 
| 179|0x0000000630c00000, 0x0000000631000000, 0x0000000631000000|100%| E|CS|TAMS 0x0000000630c00000, 0x0000000630c00000| Complete 
| 180|0x0000000631000000, 0x0000000631400000, 0x0000000631400000|100%| E|CS|TAMS 0x0000000631000000, 0x0000000631000000| Complete 
| 181|0x0000000631400000, 0x0000000631800000, 0x0000000631800000|100%| E|CS|TAMS 0x0000000631400000, 0x0000000631400000| Complete 
| 182|0x0000000631800000, 0x0000000631c00000, 0x0000000631c00000|100%| E|CS|TAMS 0x0000000631800000, 0x0000000631800000| Complete 
| 183|0x0000000631c00000, 0x0000000632000000, 0x0000000632000000|100%| E|CS|TAMS 0x0000000631c00000, 0x0000000631c00000| Complete 
|2015|0x00000007fbc00000, 0x00000007fc000000, 0x00000007fc000000|100%| O|  |TAMS 0x00000007fc000000, 0x00000007fbc00000| Untracked 
|2016|0x00000007fc000000, 0x00000007fc400000, 0x00000007fc400000|100%| O|  |TAMS 0x00000007fc400000, 0x00000007fc000000| Untracked 
|2017|0x00000007fc400000, 0x00000007fc800000, 0x00000007fc800000|100%| O|  |TAMS 0x00000007fc800000, 0x00000007fc400000| Untracked 
|2018|0x00000007fc800000, 0x00000007fcc00000, 0x00000007fcc00000|100%| O|  |TAMS 0x00000007fcc00000, 0x00000007fc800000| Untracked 
|2019|0x00000007fcc00000, 0x00000007fd000000, 0x00000007fd000000|100%| O|  |TAMS 0x00000007fd000000, 0x00000007fcc00000| Untracked 
|2020|0x00000007fd000000, 0x00000007fd400000, 0x00000007fd400000|100%| O|  |TAMS 0x00000007fd400000, 0x00000007fd000000| Untracked 
|2021|0x00000007fd400000, 0x00000007fd800000, 0x00000007fd800000|100%| O|  |TAMS 0x00000007fd800000, 0x00000007fd400000| Untracked 
|2022|0x00000007fd800000, 0x00000007fdc00000, 0x00000007fdc00000|100%| O|  |TAMS 0x00000007fdc00000, 0x00000007fd800000| Untracked 
|2023|0x00000007fdc00000, 0x00000007fe000000, 0x00000007fe000000|100%| O|  |TAMS 0x00000007fe000000, 0x00000007fdc00000| Untracked 
|2024|0x00000007fe000000, 0x00000007fe400000, 0x00000007fe400000|100%| O|  |TAMS 0x00000007fe400000, 0x00000007fe000000| Untracked 
|2025|0x00000007fe400000, 0x00000007fe800000, 0x00000007fe800000|100%| O|  |TAMS 0x00000007fe800000, 0x00000007fe400000| Untracked 
|2026|0x00000007fe800000, 0x00000007fec00000, 0x00000007fec00000|100%| O|  |TAMS 0x00000007fec00000, 0x00000007fe800000| Untracked 
|2027|0x00000007fec00000, 0x00000007ff000000, 0x00000007ff000000|100%| O|  |TAMS 0x00000007ff000000, 0x00000007fec00000| Untracked 
|2028|0x00000007ff000000, 0x00000007ff400000, 0x00000007ff400000|100%| O|  |TAMS 0x00000007ff400000, 0x00000007ff000000| Untracked 
|2029|0x00000007ff400000, 0x00000007ff800000, 0x00000007ff800000|100%| O|  |TAMS 0x00000007ff800000, 0x00000007ff400000| Untracked 
|2030|0x00000007ff800000, 0x00000007ffc00000, 0x00000007ffc00000|100%| O|  |TAMS 0x00000007ffc00000, 0x00000007ff800000| Untracked 
|2031|0x00000007ffc00000, 0x0000000800000000, 0x0000000800000000|100%| O|  |TAMS 0x0000000800000000, 0x00000007ffc00000| Untracked 

Card table byte_map: [0x000001ac74750000,0x000001ac75730000] _byte_map_base: 0x000001ac71730000

Marking Bits (Prev, Next): (CMBitMap*) 0x000001ac6ce4aab0, (CMBitMap*) 0x000001ac6ce4aa70
 Prev Bits: [0x000001ac00000000, 0x000001ac07f00000)
 Next Bits: [0x000001ac76710000, 0x000001ac7e610000)

Polling page: 0x000001ac6acf0000

Metaspace:

Usage:
  Non-class:     67.01 MB used.
      Class:      9.58 MB used.
       Both:     76.59 MB used.

Virtual space:
  Non-class space:       72.00 MB reserved,      67.31 MB ( 93%) committed,  9 nodes.
      Class space:        1.00 GB reserved,       9.88 MB ( <1%) committed,  1 nodes.
             Both:        1.07 GB reserved,      77.19 MB (  7%) committed. 

Chunk freelists:
   Non-Class:  443.00 KB
       Class:  2.10 MB
        Both:  2.53 MB

MaxMetaspaceSize: unlimited
CompressedClassSpaceSize: 1.00 GB
Initial GC threshold: 21.00 MB
Current GC threshold: 115.31 MB
CDS: off
MetaspaceReclaimPolicy: balanced
 - commit_granule_bytes: 65536.
 - commit_granule_words: 8192.
 - virtual_space_node_default_size: 1048576.
 - enlarge_chunks_in_place: 1.
 - new_chunks_are_fully_committed: 0.
 - uncommit_free_chunks: 1.
 - use_allocation_guard: 0.
 - handle_deallocations: 1.


Internal statistics:

num_allocs_failed_limit: 9.
num_arena_births: 712.
num_arena_deaths: 0.
num_vsnodes_births: 10.
num_vsnodes_deaths: 0.
num_space_committed: 1235.
num_space_uncommitted: 0.
num_chunks_returned_to_freelist: 9.
num_chunks_taken_from_freelist: 3192.
num_chunk_merges: 9.
num_chunk_splits: 2264.
num_chunks_enlarged: 1727.
num_purges: 0.
num_inconsistent_stats: 0.

CodeCache: size=49152Kb used=17767Kb max_used=18564Kb free=31384Kb
 bounds [0x000001ac70440000, 0x000001ac71670000, 0x000001ac73440000]
 total_blobs=9078 nmethods=8426 adapters=577
 compilation: enabled
              stopped_count=0, restarted_count=0
 full_count=0

Compilation events (20 events):
Event: 1113.030 Thread 0x000001ac11b06870 nmethod 8566 0x000001ac705bbe90 code [0x000001ac705bc0a0, 0x000001ac705bc598]
Event: 1113.030 Thread 0x000001ac11b06870 8560       1       com.sun.org.apache.xerces.internal.impl.XMLEntityManager::setScannerVersion (115 bytes)
Event: 1113.031 Thread 0x000001ac11b06870 nmethod 8560 0x000001ac705bb490 code [0x000001ac705bb680, 0x000001ac705bbc18]
Event: 1113.031 Thread 0x000001ac7f457310 nmethod 8561 0x000001ac705b9910 code [0x000001ac705b9c40, 0x000001ac705babf8]
Event: 1113.031 Thread 0x000001ac11b06870 8567       1       org.apache.poi.openxml4j.opc.PackageRelationship::getId (5 bytes)
Event: 1113.031 Thread 0x000001ac11b06870 nmethod 8567 0x000001ac705b9610 code [0x000001ac705b97a0, 0x000001ac705b9878]
Event: 1113.031 Thread 0x000001ac11b06870 8568   !   1       com.sun.org.apache.xerces.internal.parsers.XML11Configuration::setProperty (160 bytes)
Event: 1113.031 Thread 0x000001ac11b06870 nmethod 8568 0x000001ac705b8a10 code [0x000001ac705b8c80, 0x000001ac705b92d8]
Event: 1113.034 Thread 0x000001ac11b06870 8569       1       com.sun.org.apache.xerces.internal.impl.XMLScanner::<init> (158 bytes)
Event: 1113.034 Thread 0x000001ac7f457310 8570       1       com.sun.org.apache.xerces.internal.util.XMLAttributesImpl::<init> (7 bytes)
Event: 1113.034 Thread 0x000001ac7f457310 nmethod 8570 0x000001ac705b8710 code [0x000001ac705b88a0, 0x000001ac705b8988]
Event: 1113.034 Thread 0x000001ac7f457310 8571       1       com.sun.org.apache.xerces.internal.util.XMLAttributesImpl::<init> (58 bytes)
Event: 1113.034 Thread 0x000001ac11b06870 nmethod 8569 0x000001ac705b7790 code [0x000001ac705b7980, 0x000001ac705b8558]
Event: 1113.034 Thread 0x000001ac11b06870 8573       1       com.sun.org.apache.xerces.internal.impl.XMLEntityManager::setProperty (307 bytes)
Event: 1113.034 Thread 0x000001ac7f457310 nmethod 8571 0x000001ac705b6c10 code [0x000001ac705b6de0, 0x000001ac705b7578]
Event: 1113.034 Thread 0x000001ac7f457310 8572       1       com.sun.org.apache.xerces.internal.util.NamespaceSupport::<init> (31 bytes)
Event: 1113.034 Thread 0x000001ac7f457310 nmethod 8572 0x000001ac705b6590 code [0x000001ac705b6740, 0x000001ac705b6b18]
Event: 1113.034 Thread 0x000001ac7f457310 8574       1       com.sun.org.apache.xerces.internal.util.ErrorHandlerWrapper::setErrorHandler (6 bytes)
Event: 1113.034 Thread 0x000001ac7f457310 nmethod 8574 0x000001ac705b6290 code [0x000001ac705b6420, 0x000001ac705b6538]
Event: 1113.035 Thread 0x000001ac11b06870 nmethod 8573 0x000001ac705b4d10 code [0x000001ac705b4fe0, 0x000001ac705b5cc8]

GC Heap History (20 events):
Event: 9.804 GC heap after
{Heap after GC invocations=24 (full 0):
 garbage-first heap   total 245760K, used 55520K [0x0000000604000000, 0x0000000800000000)
  region size 4096K, 2 young (8192K), 2 survivors (8192K)
 Metaspace       used 69980K, committed 70528K, reserved 1114112K
  class space    used 9004K, committed 9280K, reserved 1048576K
}
Event: 9.813 GC heap before
{Heap before GC invocations=24 (full 0):
 garbage-first heap   total 245760K, used 59616K [0x0000000604000000, 0x0000000800000000)
  region size 4096K, 3 young (12288K), 2 survivors (8192K)
 Metaspace       used 69980K, committed 70528K, reserved 1114112K
  class space    used 9004K, committed 9280K, reserved 1048576K
}
Event: 9.816 GC heap after
{Heap after GC invocations=25 (full 0):
 garbage-first heap   total 245760K, used 58876K [0x0000000604000000, 0x0000000800000000)
  region size 4096K, 1 young (4096K), 1 survivors (4096K)
 Metaspace       used 69980K, committed 70528K, reserved 1114112K
  class space    used 9004K, committed 9280K, reserved 1048576K
}
Event: 10.159 GC heap before
{Heap before GC invocations=25 (full 0):
 garbage-first heap   total 245760K, used 198140K [0x0000000604000000, 0x0000000800000000)
  region size 4096K, 35 young (143360K), 1 survivors (4096K)
 Metaspace       used 69980K, committed 70528K, reserved 1114112K
  class space    used 9004K, committed 9280K, reserved 1048576K
}
Event: 10.183 GC heap after
{Heap after GC invocations=26 (full 0):
 garbage-first heap   total 315392K, used 171551K [0x0000000604000000, 0x0000000800000000)
  region size 4096K, 5 young (20480K), 5 survivors (20480K)
 Metaspace       used 69980K, committed 70528K, reserved 1114112K
  class space    used 9004K, committed 9280K, reserved 1048576K
}
Event: 10.326 GC heap before
{Heap before GC invocations=26 (full 0):
 garbage-first heap   total 315392K, used 220703K [0x0000000604000000, 0x0000000800000000)
  region size 4096K, 17 young (69632K), 5 survivors (20480K)
 Metaspace       used 70318K, committed 70848K, reserved 1114112K
  class space    used 9041K, committed 9280K, reserved 1048576K
}
Event: 10.339 GC heap after
{Heap after GC invocations=27 (full 0):
 garbage-first heap   total 315392K, used 202455K [0x0000000604000000, 0x0000000800000000)
  region size 4096K, 3 young (12288K), 3 survivors (12288K)
 Metaspace       used 70318K, committed 70848K, reserved 1114112K
  class space    used 9041K, committed 9280K, reserved 1048576K
}
Event: 10.434 GC heap before
{Heap before GC invocations=27 (full 0):
 garbage-first heap   total 315392K, used 235223K [0x0000000604000000, 0x0000000800000000)
  region size 4096K, 11 young (45056K), 3 survivors (12288K)
 Metaspace       used 70318K, committed 70848K, reserved 1114112K
  class space    used 9041K, committed 9280K, reserved 1048576K
}
Event: 10.442 GC heap after
{Heap after GC invocations=28 (full 0):
 garbage-first heap   total 626688K, used 217088K [0x0000000604000000, 0x0000000800000000)
  region size 4096K, 2 young (8192K), 2 survivors (8192K)
 Metaspace       used 70318K, committed 70848K, reserved 1114112K
  class space    used 9041K, committed 9280K, reserved 1048576K
}
Event: 10.949 GC heap before
{Heap before GC invocations=29 (full 0):
 garbage-first heap   total 626688K, used 376832K [0x0000000604000000, 0x0000000800000000)
  region size 4096K, 41 young (167936K), 2 survivors (8192K)
 Metaspace       used 70318K, committed 70848K, reserved 1114112K
  class space    used 9041K, committed 9280K, reserved 1048576K
}
Event: 10.972 GC heap after
{Heap after GC invocations=30 (full 0):
 garbage-first heap   total 626688K, used 258445K [0x0000000604000000, 0x0000000800000000)
  region size 4096K, 6 young (24576K), 6 survivors (24576K)
 Metaspace       used 70318K, committed 70848K, reserved 1114112K
  class space    used 9041K, committed 9280K, reserved 1048576K
}
Event: 11.424 GC heap before
{Heap before GC invocations=30 (full 0):
 garbage-first heap   total 626688K, used 401805K [0x0000000604000000, 0x0000000800000000)
  region size 4096K, 41 young (167936K), 6 survivors (24576K)
 Metaspace       used 70965K, committed 71488K, reserved 1114112K
  class space    used 9140K, committed 9408K, reserved 1048576K
}
Event: 11.442 GC heap after
{Heap after GC invocations=31 (full 0):
 garbage-first heap   total 626688K, used 273429K [0x0000000604000000, 0x0000000800000000)
  region size 4096K, 4 young (16384K), 4 survivors (16384K)
 Metaspace       used 70965K, committed 71488K, reserved 1114112K
  class space    used 9140K, committed 9408K, reserved 1048576K
}
Event: 11.859 GC heap before
{Heap before GC invocations=31 (full 0):
 garbage-first heap   total 626688K, used 424981K [0x0000000604000000, 0x0000000800000000)
  region size 4096K, 41 young (167936K), 4 survivors (16384K)
 Metaspace       used 70965K, committed 71488K, reserved 1114112K
  class space    used 9140K, committed 9408K, reserved 1048576K
}
Event: 11.869 GC heap after
{Heap after GC invocations=32 (full 0):
 garbage-first heap   total 626688K, used 283615K [0x0000000604000000, 0x0000000800000000)
  region size 4096K, 6 young (24576K), 6 survivors (24576K)
 Metaspace       used 70965K, committed 71488K, reserved 1114112K
  class space    used 9140K, committed 9408K, reserved 1048576K
}
Event: 12.297 GC heap before
{Heap before GC invocations=32 (full 0):
 garbage-first heap   total 626688K, used 443359K [0x0000000604000000, 0x0000000800000000)
  region size 4096K, 45 young (184320K), 6 survivors (24576K)
 Metaspace       used 70965K, committed 71488K, reserved 1114112K
  class space    used 9140K, committed 9408K, reserved 1048576K
}
Event: 12.311 GC heap after
{Heap after GC invocations=33 (full 0):
 garbage-first heap   total 626688K, used 293225K [0x0000000604000000, 0x0000000800000000)
  region size 4096K, 5 young (20480K), 5 survivors (20480K)
 Metaspace       used 70965K, committed 71488K, reserved 1114112K
  class space    used 9140K, committed 9408K, reserved 1048576K
}
Event: 12.775 GC heap before
{Heap before GC invocations=33 (full 0):
 garbage-first heap   total 626688K, used 461161K [0x0000000604000000, 0x0000000800000000)
  region size 4096K, 46 young (188416K), 5 survivors (20480K)
 Metaspace       used 70969K, committed 71488K, reserved 1114112K
  class space    used 9141K, committed 9408K, reserved 1048576K
}
Event: 12.788 GC heap after
{Heap after GC invocations=34 (full 0):
 garbage-first heap   total 823296K, used 304080K [0x0000000604000000, 0x0000000800000000)
  region size 4096K, 6 young (24576K), 6 survivors (24576K)
 Metaspace       used 70969K, committed 71488K, reserved 1114112K
  class space    used 9141K, committed 9408K, reserved 1048576K
}
Event: 1113.080 GC heap before
{Heap before GC invocations=34 (full 0):
 garbage-first heap   total 823296K, used 611280K [0x0000000604000000, 0x0000000800000000)
  region size 4096K, 75 young (307200K), 6 survivors (24576K)
 Metaspace       used 78431K, committed 79040K, reserved 1122304K
  class space    used 9810K, committed 10112K, reserved 1048576K
}

Dll operation events (11 events):
Event: 0.005 Loaded shared library D:\Dev\Tools\STS\sts-4.17.2.RELEASE\contents\sts-4.17.2.RELEASE\plugins\org.eclipse.justj.openjdk.hotspot.jre.full.win32.x86_64_17.0.6.v20230125-1136\jre\bin\java.dll
Event: 0.202 Loaded shared library D:\Dev\Tools\STS\sts-4.17.2.RELEASE\contents\sts-4.17.2.RELEASE\plugins\org.eclipse.justj.openjdk.hotspot.jre.full.win32.x86_64_17.0.6.v20230125-1136\jre\bin\zip.dll
Event: 0.205 Loaded shared library D:\Dev\Tools\STS\sts-4.17.2.RELEASE\contents\sts-4.17.2.RELEASE\plugins\org.eclipse.justj.openjdk.hotspot.jre.full.win32.x86_64_17.0.6.v20230125-1136\jre\bin\instrument.dll
Event: 0.214 Loaded shared library D:\Dev\Tools\STS\sts-4.17.2.RELEASE\contents\sts-4.17.2.RELEASE\plugins\org.eclipse.justj.openjdk.hotspot.jre.full.win32.x86_64_17.0.6.v20230125-1136\jre\bin\net.dll
Event: 0.215 Loaded shared library D:\Dev\Tools\STS\sts-4.17.2.RELEASE\contents\sts-4.17.2.RELEASE\plugins\org.eclipse.justj.openjdk.hotspot.jre.full.win32.x86_64_17.0.6.v20230125-1136\jre\bin\nio.dll
Event: 0.220 Loaded shared library D:\Dev\Tools\STS\sts-4.17.2.RELEASE\contents\sts-4.17.2.RELEASE\plugins\org.eclipse.justj.openjdk.hotspot.jre.full.win32.x86_64_17.0.6.v20230125-1136\jre\bin\zip.dll
Event: 0.295 Loaded shared library D:\Dev\Tools\STS\sts-4.17.2.RELEASE\contents\sts-4.17.2.RELEASE\plugins\org.eclipse.justj.openjdk.hotspot.jre.full.win32.x86_64_17.0.6.v20230125-1136\jre\bin\jimage.dll
Event: 0.322 Loaded shared library D:\Dev\Tools\STS\sts-4.17.2.RELEASE\contents\sts-4.17.2.RELEASE\plugins\org.eclipse.justj.openjdk.hotspot.jre.full.win32.x86_64_17.0.6.v20230125-1136\jre\bin\management.dll
Event: 0.330 Loaded shared library D:\Dev\Tools\STS\sts-4.17.2.RELEASE\contents\sts-4.17.2.RELEASE\plugins\org.eclipse.justj.openjdk.hotspot.jre.full.win32.x86_64_17.0.6.v20230125-1136\jre\bin\management_ext.dll
Event: 0.447 Loaded shared library D:\Dev\Tools\STS\sts-4.17.2.RELEASE\contents\sts-4.17.2.RELEASE\plugins\org.eclipse.justj.openjdk.hotspot.jre.full.win32.x86_64_17.0.6.v20230125-1136\jre\bin\verify.dll
Event: 2.067 Loaded shared library D:\Dev\Tools\STS\sts-4.17.2.RELEASE\contents\sts-4.17.2.RELEASE\plugins\org.eclipse.justj.openjdk.hotspot.jre.full.win32.x86_64_17.0.6.v20230125-1136\jre\bin\sunmscapi.dll

Deoptimization events (20 events):
Event: 1113.032 Thread 0x000001ac0c858830 DEOPT PACKING pc=0x000001ac708015e4 sp=0x00000042344fbc20
Event: 1113.032 Thread 0x000001ac0c858830 DEOPT UNPACKING pc=0x000001ac70497143 sp=0x00000042344fb0b8 mode 1
Event: 1113.032 Thread 0x000001ac0c858830 DEOPT PACKING pc=0x000001ac707e5f7c sp=0x00000042344fbcf0
Event: 1113.033 Thread 0x000001ac0c858830 DEOPT UNPACKING pc=0x000001ac70497143 sp=0x00000042344fb1a8 mode 1
Event: 1113.033 Thread 0x000001ac0c858830 DEOPT PACKING pc=0x000001ac70b1d024 sp=0x00000042344fc6e0
Event: 1113.033 Thread 0x000001ac0c858830 DEOPT UNPACKING pc=0x000001ac70497143 sp=0x00000042344fbbb0 mode 1
Event: 1113.033 Thread 0x000001ac0c858830 DEOPT PACKING pc=0x000001ac70f3cc5e sp=0x00000042344fc340
Event: 1113.033 Thread 0x000001ac0c858830 DEOPT UNPACKING pc=0x000001ac70497143 sp=0x00000042344fb7d0 mode 1
Event: 1113.033 Thread 0x000001ac0c858830 DEOPT PACKING pc=0x000001ac70aa52ac sp=0x00000042344fc3a0
Event: 1113.033 Thread 0x000001ac0c858830 DEOPT UNPACKING pc=0x000001ac70497143 sp=0x00000042344fb878 mode 1
Event: 1113.034 Thread 0x000001ac0c858830 DEOPT PACKING pc=0x000001ac708015e4 sp=0x00000042344fbc60
Event: 1113.034 Thread 0x000001ac0c858830 DEOPT UNPACKING pc=0x000001ac70497143 sp=0x00000042344fb0f8 mode 1
Event: 1113.034 Thread 0x000001ac0c858830 DEOPT PACKING pc=0x000001ac707e5f7c sp=0x00000042344fbd30
Event: 1113.034 Thread 0x000001ac0c858830 DEOPT UNPACKING pc=0x000001ac70497143 sp=0x00000042344fb1e8 mode 1
Event: 1113.034 Thread 0x000001ac0c858830 DEOPT PACKING pc=0x000001ac70b1d024 sp=0x00000042344fc720
Event: 1113.034 Thread 0x000001ac0c858830 DEOPT UNPACKING pc=0x000001ac70497143 sp=0x00000042344fbbf0 mode 1
Event: 1113.048 Thread 0x000001ac0c858830 DEOPT PACKING pc=0x000001ac70f3cc5e sp=0x00000042344fc390
Event: 1113.048 Thread 0x000001ac0c858830 DEOPT UNPACKING pc=0x000001ac70497143 sp=0x00000042344fb820 mode 1
Event: 1113.048 Thread 0x000001ac0c858830 DEOPT PACKING pc=0x000001ac70aa52ac sp=0x00000042344fc3f0
Event: 1113.048 Thread 0x000001ac0c858830 DEOPT UNPACKING pc=0x000001ac70497143 sp=0x00000042344fb8c8 mode 1

Classes unloaded (0 events):
No events

Classes redefined (7 events):
Event: 217.193 Thread 0x000001ac7f3ea630 redefined class name=co.smartooth.admin.controller.AdminEncodeController, count=1
Event: 248.461 Thread 0x000001ac7f3ea630 redefined class name=co.smartooth.admin.controller.AdminEncodeController, count=2
Event: 306.313 Thread 0x000001ac7f3ea630 redefined class name=co.smartooth.admin.controller.AdminEncodeController, count=3
Event: 336.517 Thread 0x000001ac7f3ea630 redefined class name=co.smartooth.admin.controller.AdminEncodeController, count=4
Event: 368.639 Thread 0x000001ac7f3ea630 redefined class name=co.smartooth.admin.controller.AdminEncodeController, count=5
Event: 409.467 Thread 0x000001ac7f3ea630 redefined class name=co.smartooth.admin.controller.AdminEncodeController, count=6
Event: 421.293 Thread 0x000001ac7f3ea630 redefined class name=co.smartooth.admin.controller.AdminEncodeController, count=7

Internal exceptions (20 events):
Event: 11.029 Thread 0x000001ac0edc6280 Exception <a 'java/lang/NoSuchMethodError'{0x0000000624c5dfb8}: 'java.lang.Object java.lang.invoke.DirectMethodHandle$Holder.invokeVirtual(java.lang.Object, java.lang.Object, int)'> (0x0000000624c5dfb8) 
thrown [s\src\hotspot\share\interpreter\linkResolver.cpp, line 759]
Event: 11.029 Thread 0x000001ac0edc6280 Exception <a 'java/lang/NoSuchMethodError'{0x0000000624c656b8}: 'void java.lang.invoke.DirectMethodHandle$Holder.invokeVirtual(java.lang.Object, java.lang.Object, int, java.lang.Object)'> (0x0000000624c656b8) 
thrown [s\src\hotspot\share\interpreter\linkResolver.cpp, line 759]
Event: 11.046 Thread 0x000001ac0edc6280 Exception <a 'sun/nio/fs/WindowsException'{0x0000000624f5dc28}> (0x0000000624f5dc28) 
thrown [s\src\hotspot\share\prims\jni.cpp, line 516]
Event: 13.314 Thread 0x000001ac0edc6280 Exception <a 'java/lang/ArrayIndexOutOfBoundsException'{0x0000000628b93d78}: Index 26873 out of bounds for length 26873> (0x0000000628b93d78) 
thrown [s\src\hotspot\share\interpreter\interpreterRuntime.cpp, line 428]
Event: 13.387 Thread 0x000001ac0edc6280 Implicit null exception at 0x000001ac7144d0ee to 0x000001ac7144f681
Event: 13.526 Thread 0x000001ac0edc6280 Exception <a 'java/lang/ClassNotFoundException'{0x0000000626d75ca0}: org/apache/taglibs/standard/tag/rt/core/IfTagBeanInfo> (0x0000000626d75ca0) 
thrown [s\src\hotspot\share\classfile\systemDictionary.cpp, line 256]
Event: 13.527 Thread 0x000001ac0edc6280 Exception <a 'java/lang/ClassNotFoundException'{0x0000000626d7e2f8}: javax/servlet/jsp/jstl/core/ConditionalTagSupportBeanInfo> (0x0000000626d7e2f8) 
thrown [s\src\hotspot\share\classfile\systemDictionary.cpp, line 256]
Event: 13.527 Thread 0x000001ac0edc6280 Exception <a 'java/lang/ClassNotFoundException'{0x0000000626d86268}: javax/servlet/jsp/tagext/TagSupportBeanInfo> (0x0000000626d86268) 
thrown [s\src\hotspot\share\classfile\systemDictionary.cpp, line 256]
Event: 13.528 Thread 0x000001ac0edc6280 Exception <a 'java/lang/ClassNotFoundException'{0x0000000626d89bb0}: java/lang/ObjectBeanInfo> (0x0000000626d89bb0) 
thrown [s\src\hotspot\share\classfile\systemDictionary.cpp, line 256]
Event: 13.528 Thread 0x000001ac0edc6280 Exception <a 'java/lang/ClassNotFoundException'{0x0000000626d8d538}: java/lang/ObjectCustomizer> (0x0000000626d8d538) 
thrown [s\src\hotspot\share\classfile\systemDictionary.cpp, line 256]
Event: 13.529 Thread 0x000001ac0edc6280 Exception <a 'java/lang/ClassNotFoundException'{0x0000000626d98cb0}: javax/servlet/jsp/tagext/TagSupportCustomizer> (0x0000000626d98cb0) 
thrown [s\src\hotspot\share\classfile\systemDictionary.cpp, line 256]
Event: 13.529 Thread 0x000001ac0edc6280 Exception <a 'java/lang/ClassNotFoundException'{0x0000000626dac2e8}: javax/servlet/jsp/jstl/core/ConditionalTagSupportCustomizer> (0x0000000626dac2e8) 
thrown [s\src\hotspot\share\classfile\systemDictionary.cpp, line 256]
Event: 13.530 Thread 0x000001ac0edc6280 Exception <a 'java/lang/ClassNotFoundException'{0x0000000626dba808}: org/apache/taglibs/standard/tag/rt/core/IfTagCustomizer> (0x0000000626dba808) 
thrown [s\src\hotspot\share\classfile\systemDictionary.cpp, line 256]
Event: 13.545 Thread 0x000001ac0edc6280 Exception <a 'java/lang/ArrayIndexOutOfBoundsException'{0x0000000626ea2820}> (0x0000000626ea2820) 
thrown [s\src\hotspot\share\runtime\sharedRuntime.cpp, line 628]
Event: 13.555 Thread 0x000001ac0edc6280 Implicit null exception at 0x000001ac71471735 to 0x000001ac71471962
Event: 13.578 Thread 0x000001ac0edc6280 Implicit null exception at 0x000001ac7151813d to 0x000001ac715183b9
Event: 13.603 Thread 0x000001ac0edc6280 Implicit null exception at 0x000001ac715d80ae to 0x000001ac715d86e3
Event: 13.604 Thread 0x000001ac0edc6280 Implicit null exception at 0x000001ac715f537c to 0x000001ac715f6016
Event: 13.657 Thread 0x000001ac0edc6280 Exception <a 'java/lang/ArrayIndexOutOfBoundsException'{0x00000006260a4350}> (0x00000006260a4350) 
thrown [s\src\hotspot\share\runtime\sharedRuntime.cpp, line 628]
Event: 13.722 Thread 0x000001ac0edc6280 Exception <a 'java/lang/ArrayIndexOutOfBoundsException'{0x0000000625f77310}> (0x0000000625f77310) 
thrown [s\src\hotspot\share\runtime\sharedRuntime.cpp, line 628]

VM Operations (20 events):
Event: 248.472 Executing VM operation: RedefineClasses done
Event: 304.832 Executing VM operation: Cleanup
Event: 304.832 Executing VM operation: Cleanup done
Event: 306.305 Executing VM operation: RedefineClasses
Event: 306.327 Executing VM operation: RedefineClasses done
Event: 336.511 Executing VM operation: RedefineClasses
Event: 336.528 Executing VM operation: RedefineClasses done
Event: 368.635 Executing VM operation: RedefineClasses
Event: 368.651 Executing VM operation: RedefineClasses done
Event: 409.461 Executing VM operation: RedefineClasses
Event: 409.479 Executing VM operation: RedefineClasses done
Event: 421.286 Executing VM operation: RedefineClasses
Event: 421.305 Executing VM operation: RedefineClasses done
Event: 533.030 Executing VM operation: Cleanup
Event: 533.030 Executing VM operation: Cleanup done
Event: 1099.490 Executing VM operation: ChangeBreakpoints
Event: 1099.492 Executing VM operation: ChangeBreakpoints done
Event: 1108.496 Executing VM operation: Cleanup
Event: 1108.496 Executing VM operation: Cleanup done
Event: 1113.080 Executing VM operation: G1CollectForAllocation

Events (20 events):
Event: 13.758 loading class sun/nio/cs/Surrogate
Event: 13.758 loading class sun/nio/cs/Surrogate done
Event: 18.762 Thread 0x000001ac0b3220c0 Thread exited: 0x000001ac0b3220c0
Event: 22.983 Thread 0x000001ac112cc9e0 Thread exited: 0x000001ac112cc9e0
Event: 22.983 Thread 0x000001ac0afeb370 Thread exited: 0x000001ac0afeb370
Event: 30.902 Thread 0x000001ac0edc5db0 Thread added: 0x000001ac0edc5db0
Event: 60.909 Thread 0x000001ac0edc7f60 Thread added: 0x000001ac0edc7f60
Event: 90.516 Thread 0x000001ac7f5d4080 Thread exited: 0x000001ac7f5d4080
Event: 90.516 Thread 0x000001ac0edc40d0 Thread exited: 0x000001ac0edc40d0
Event: 90.516 Thread 0x000001ac7f5d4a20 Thread exited: 0x000001ac7f5d4a20
Event: 90.516 Thread 0x000001ac0edc1f20 Thread exited: 0x000001ac0edc1f20
Event: 90.516 Thread 0x000001ac0edc8430 Thread exited: 0x000001ac0edc8430
Event: 90.516 Thread 0x000001ac0edc4a70 Thread exited: 0x000001ac0edc4a70
Event: 90.516 Thread 0x000001ac0edc45a0 Thread exited: 0x000001ac0edc45a0
Event: 90.909 Thread 0x000001ac0edc8430 Thread added: 0x000001ac0edc8430
Event: 120.912 Thread 0x000001ac0edc1580 Thread added: 0x000001ac0edc1580
Event: 150.906 Thread 0x000001ac0edc40d0 Thread added: 0x000001ac0edc40d0
Event: 180.906 Thread 0x000001ac0edc1f20 Thread added: 0x000001ac0edc1f20
Event: 210.906 Thread 0x000001ac0edc45a0 Thread added: 0x000001ac0edc45a0
Event: 1112.993 Thread 0x000001ac11b06870 Thread added: 0x000001ac11b06870


Dynamic libraries:
0x00007ff7e3aa0000 - 0x00007ff7e3aae000 	D:\Dev\Tools\STS\sts-4.17.2.RELEASE\contents\sts-4.17.2.RELEASE\plugins\org.eclipse.justj.openjdk.hotspot.jre.full.win32.x86_64_17.0.6.v20230125-1136\jre\bin\javaw.exe
0x00007ff825cb0000 - 0x00007ff825ea8000 	C:\Windows\SYSTEM32\ntdll.dll
0x00007ff825430000 - 0x00007ff8254ed000 	C:\Windows\System32\KERNEL32.DLL
0x00007ff8235a0000 - 0x00007ff823896000 	C:\Windows\System32\KERNELBASE.dll
0x00007ff823900000 - 0x00007ff823a00000 	C:\Windows\System32\ucrtbase.dll
0x00007ff80dcf0000 - 0x00007ff80dd07000 	D:\Dev\Tools\STS\sts-4.17.2.RELEASE\contents\sts-4.17.2.RELEASE\plugins\org.eclipse.justj.openjdk.hotspot.jre.full.win32.x86_64_17.0.6.v20230125-1136\jre\bin\jli.dll
0x00007ff80ec80000 - 0x00007ff80ec99000 	D:\Dev\Tools\STS\sts-4.17.2.RELEASE\contents\sts-4.17.2.RELEASE\plugins\org.eclipse.justj.openjdk.hotspot.jre.full.win32.x86_64_17.0.6.v20230125-1136\jre\bin\VCRUNTIME140.dll
0x00007ff824da0000 - 0x00007ff824f3e000 	C:\Windows\System32\USER32.dll
0x00007ff8238d0000 - 0x00007ff8238f2000 	C:\Windows\System32\win32u.dll
0x00007ff80f650000 - 0x00007ff80f8ea000 	C:\Windows\WinSxS\amd64_microsoft.windows.common-controls_6595b64144ccf1df_6.0.19041.1110_none_60b5254171f9507e\COMCTL32.dll
0x00007ff8245a0000 - 0x00007ff8245cc000 	C:\Windows\System32\GDI32.dll
0x00007ff8255d0000 - 0x00007ff82566e000 	C:\Windows\System32\msvcrt.dll
0x00007ff823b60000 - 0x00007ff823c7a000 	C:\Windows\System32\gdi32full.dll
0x00007ff823500000 - 0x00007ff82359d000 	C:\Windows\System32\msvcp_win.dll
0x00007ff825070000 - 0x00007ff8250a0000 	C:\Windows\System32\IMM32.DLL
0x00007ff80ed30000 - 0x00007ff80ed3c000 	D:\Dev\Tools\STS\sts-4.17.2.RELEASE\contents\sts-4.17.2.RELEASE\plugins\org.eclipse.justj.openjdk.hotspot.jre.full.win32.x86_64_17.0.6.v20230125-1136\jre\bin\vcruntime140_1.dll
0x00007ff8019a0000 - 0x00007ff801a31000 	D:\Dev\Tools\STS\sts-4.17.2.RELEASE\contents\sts-4.17.2.RELEASE\plugins\org.eclipse.justj.openjdk.hotspot.jre.full.win32.x86_64_17.0.6.v20230125-1136\jre\bin\msvcp140.dll
0x00007fffb6ed0000 - 0x00007fffb7b17000 	D:\Dev\Tools\STS\sts-4.17.2.RELEASE\contents\sts-4.17.2.RELEASE\plugins\org.eclipse.justj.openjdk.hotspot.jre.full.win32.x86_64_17.0.6.v20230125-1136\jre\bin\server\jvm.dll
0x00007ff824af0000 - 0x00007ff824b9e000 	C:\Windows\System32\ADVAPI32.dll
0x00007ff825390000 - 0x00007ff82542c000 	C:\Windows\System32\sechost.dll
0x00007ff824f40000 - 0x00007ff825066000 	C:\Windows\System32\RPCRT4.dll
0x00007ff820650000 - 0x00007ff820659000 	C:\Windows\SYSTEM32\WSOCK32.dll
0x00007ff81dd20000 - 0x00007ff81dd2a000 	C:\Windows\SYSTEM32\VERSION.dll
0x00007ff825100000 - 0x00007ff82516b000 	C:\Windows\System32\WS2_32.dll
0x00007ff81bbd0000 - 0x00007ff81bbf7000 	C:\Windows\SYSTEM32\WINMM.dll
0x00007ff821240000 - 0x00007ff821252000 	C:\Windows\SYSTEM32\kernel.appcore.dll
0x00007ff81e090000 - 0x00007ff81e09a000 	D:\Dev\Tools\STS\sts-4.17.2.RELEASE\contents\sts-4.17.2.RELEASE\plugins\org.eclipse.justj.openjdk.hotspot.jre.full.win32.x86_64_17.0.6.v20230125-1136\jre\bin\jimage.dll
0x00007ff81ace0000 - 0x00007ff81aec4000 	C:\Windows\SYSTEM32\DBGHELP.DLL
0x00007ff81aca0000 - 0x00007ff81acd4000 	C:\Windows\SYSTEM32\dbgcore.DLL
0x00007ff823c80000 - 0x00007ff823d02000 	C:\Windows\System32\bcryptPrimitives.dll
0x00007ff812e10000 - 0x00007ff812e4b000 	D:\Dev\Tools\STS\sts-4.17.2.RELEASE\contents\sts-4.17.2.RELEASE\plugins\org.eclipse.justj.openjdk.hotspot.jre.full.win32.x86_64_17.0.6.v20230125-1136\jre\bin\jdwp.dll
0x00007ff8206b0000 - 0x00007ff8206be000 	D:\Dev\Tools\STS\sts-4.17.2.RELEASE\contents\sts-4.17.2.RELEASE\plugins\org.eclipse.justj.openjdk.hotspot.jre.full.win32.x86_64_17.0.6.v20230125-1136\jre\bin\instrument.dll
0x00007ff80dd50000 - 0x00007ff80dd75000 	D:\Dev\Tools\STS\sts-4.17.2.RELEASE\contents\sts-4.17.2.RELEASE\plugins\org.eclipse.justj.openjdk.hotspot.jre.full.win32.x86_64_17.0.6.v20230125-1136\jre\bin\java.dll
0x00007ff816530000 - 0x00007ff816548000 	D:\Dev\Tools\STS\sts-4.17.2.RELEASE\contents\sts-4.17.2.RELEASE\plugins\org.eclipse.justj.openjdk.hotspot.jre.full.win32.x86_64_17.0.6.v20230125-1136\jre\bin\zip.dll
0x00007ff823d10000 - 0x00007ff824455000 	C:\Windows\System32\SHELL32.dll
0x00007ff821440000 - 0x00007ff821bdb000 	C:\Windows\SYSTEM32\windows.storage.dll
0x00007ff8245d0000 - 0x00007ff824924000 	C:\Windows\System32\combase.dll
0x00007ff822dd0000 - 0x00007ff822dfe000 	C:\Windows\SYSTEM32\Wldp.dll
0x00007ff824ce0000 - 0x00007ff824d8d000 	C:\Windows\System32\SHCORE.dll
0x00007ff824ba0000 - 0x00007ff824bf5000 	C:\Windows\System32\shlwapi.dll
0x00007ff8232c0000 - 0x00007ff8232e5000 	C:\Windows\SYSTEM32\profapi.dll
0x00007ff81c390000 - 0x00007ff81c39c000 	D:\Dev\Tools\STS\sts-4.17.2.RELEASE\contents\sts-4.17.2.RELEASE\plugins\org.eclipse.justj.openjdk.hotspot.jre.full.win32.x86_64_17.0.6.v20230125-1136\jre\bin\dt_socket.dll
0x00007ff8227d0000 - 0x00007ff82280b000 	C:\Windows\SYSTEM32\IPHLPAPI.DLL
0x00007ff822b30000 - 0x00007ff822b9a000 	C:\Windows\system32\mswsock.dll
0x00007ff822810000 - 0x00007ff8228da000 	C:\Windows\SYSTEM32\DNSAPI.dll
0x00007ff8254f0000 - 0x00007ff8254f8000 	C:\Windows\System32\NSI.dll
0x00000000772f0000 - 0x0000000077316000 	C:\Program Files\Bonjour\mdnsNSP.dll
0x00007ff812450000 - 0x00007ff81245a000 	C:\Windows\System32\rasadhlp.dll
0x00007ff812470000 - 0x00007ff8124f2000 	C:\Windows\System32\fwpuclnt.dll
0x00007ff8238a0000 - 0x00007ff8238c7000 	C:\Windows\System32\bcrypt.dll
0x00007ff815f90000 - 0x00007ff815fa9000 	D:\Dev\Tools\STS\sts-4.17.2.RELEASE\contents\sts-4.17.2.RELEASE\plugins\org.eclipse.justj.openjdk.hotspot.jre.full.win32.x86_64_17.0.6.v20230125-1136\jre\bin\net.dll
0x00007ff81e430000 - 0x00007ff81e53a000 	C:\Windows\SYSTEM32\WINHTTP.dll
0x00007ff815560000 - 0x00007ff815575000 	D:\Dev\Tools\STS\sts-4.17.2.RELEASE\contents\sts-4.17.2.RELEASE\plugins\org.eclipse.justj.openjdk.hotspot.jre.full.win32.x86_64_17.0.6.v20230125-1136\jre\bin\nio.dll
0x00007ff80dce0000 - 0x00007ff80dce9000 	D:\Dev\Tools\STS\sts-4.17.2.RELEASE\contents\sts-4.17.2.RELEASE\plugins\org.eclipse.justj.openjdk.hotspot.jre.full.win32.x86_64_17.0.6.v20230125-1136\jre\bin\management.dll
0x00007ff80dbf0000 - 0x00007ff80dbfb000 	D:\Dev\Tools\STS\sts-4.17.2.RELEASE\contents\sts-4.17.2.RELEASE\plugins\org.eclipse.justj.openjdk.hotspot.jre.full.win32.x86_64_17.0.6.v20230125-1136\jre\bin\management_ext.dll
0x00007ff825320000 - 0x00007ff825328000 	C:\Windows\System32\PSAPI.DLL
0x00007ff811330000 - 0x00007ff811347000 	C:\Windows\system32\napinsp.dll
0x00007ff80f250000 - 0x00007ff80f26b000 	C:\Windows\system32\pnrpnsp.dll
0x00007ff80f210000 - 0x00007ff80f225000 	C:\Windows\system32\wshbth.dll
0x00007ff81e540000 - 0x00007ff81e55d000 	C:\Windows\system32\NLAapi.dll
0x00007ff80f130000 - 0x00007ff80f142000 	C:\Windows\System32\winrnr.dll
0x00007ff822d30000 - 0x00007ff822d48000 	C:\Windows\SYSTEM32\CRYPTSP.dll
0x00007ff8223d0000 - 0x00007ff822404000 	C:\Windows\system32\rsaenh.dll
0x00007ff823280000 - 0x00007ff8232ae000 	C:\Windows\SYSTEM32\USERENV.dll
0x00007ff822d20000 - 0x00007ff822d2c000 	C:\Windows\SYSTEM32\CRYPTBASE.dll
0x00007ff81e6a0000 - 0x00007ff81e6b7000 	C:\Windows\SYSTEM32\dhcpcsvc6.DLL
0x00007ff81e8e0000 - 0x00007ff81e8fd000 	C:\Windows\SYSTEM32\dhcpcsvc.DLL
0x00007ff81ca90000 - 0x00007ff81caa0000 	D:\Dev\Tools\STS\sts-4.17.2.RELEASE\contents\sts-4.17.2.RELEASE\plugins\org.eclipse.justj.openjdk.hotspot.jre.full.win32.x86_64_17.0.6.v20230125-1136\jre\bin\verify.dll
0x00007ff8162b0000 - 0x00007ff8162be000 	D:\Dev\Tools\STS\sts-4.17.2.RELEASE\contents\sts-4.17.2.RELEASE\plugins\org.eclipse.justj.openjdk.hotspot.jre.full.win32.x86_64_17.0.6.v20230125-1136\jre\bin\sunmscapi.dll
0x00007ff823a00000 - 0x00007ff823b5e000 	C:\Windows\System32\CRYPT32.dll
0x00007ff822e40000 - 0x00007ff822e68000 	C:\Windows\SYSTEM32\ncrypt.dll
0x00007ff822e00000 - 0x00007ff822e3b000 	C:\Windows\SYSTEM32\NTASN1.dll
0x00007ff80dba0000 - 0x00007ff80dba7000 	C:\Windows\system32\wshunix.dll

dbghelp: loaded successfully - version: 4.0.5 - missing functions: none
symbol engine: initialized successfully - sym options: 0x614 - pdb path: .;D:\Dev\Tools\STS\sts-4.17.2.RELEASE\contents\sts-4.17.2.RELEASE\plugins\org.eclipse.justj.openjdk.hotspot.jre.full.win32.x86_64_17.0.6.v20230125-1136\jre\bin;C:\Windows\SYSTEM32;C:\Windows\WinSxS\amd64_microsoft.windows.common-controls_6595b64144ccf1df_6.0.19041.1110_none_60b5254171f9507e;D:\Dev\Tools\STS\sts-4.17.2.RELEASE\contents\sts-4.17.2.RELEASE\plugins\org.eclipse.justj.openjdk.hotspot.jre.full.win32.x86_64_17.0.6.v20230125-1136\jre\bin\server;C:\Program Files\Bonjour

VM Arguments:
jvm_args: -XX:+ShowCodeDetailsInExceptionMessages -agentlib:jdwp=transport=dt_socket,suspend=y,address=localhost:61764 -Dcom.sun.management.jmxremote -Dcom.sun.management.jmxremote.port=61763 -Dcom.sun.management.jmxremote.authenticate=false -Dcom.sun.management.jmxremote.ssl=false -Djava.rmi.server.hostname=localhost -Dspring.jmx.enabled=true -Dmanagement.endpoints.jmx.exposure.include=* -Dspring.application.admin.enabled=true -XX:TieredStopAtLevel=1 -Dspring.boot.project.name=premium -javaagent:D:\Dev\Tools\STS\sts-4.17.2.RELEASE\contents\sts-4.17.2.RELEASE\configuration\org.eclipse.osgi\267\0\.cp\lib\javaagent-shaded.jar -Dfile.encoding=UTF-8 
java_command: co.smartooth.app.AppApplication --spring.output.ansi.enabled=always
java_class_path (initial): C:\Users\dev\git\admin\premium\bin\main;C:\Users\dev\.gradle\caches\modules-2\files-2.1\org.projectlombok\lombok\1.18.24\13a394eed5c4f9efb2a6d956e2086f1d81e857d9\lombok-1.18.24.jar;C:\Users\dev\.gradle\caches\modules-2\files-2.1\org.springframework.boot\spring-boot-starter-data-jdbc\2.7.0\1d97bc667c9cc549180ce12e05e2002aa5f05e00\spring-boot-starter-data-jdbc-2.7.0.jar;C:\Users\dev\.gradle\caches\modules-2\files-2.1\org.springframework.boot\spring-boot-starter-data-jpa\2.7.0\773d8c4fbe92493655f4c7db3a2d95388b8f6eb8\spring-boot-starter-data-jpa-2.7.0.jar;C:\Users\dev\.gradle\caches\modules-2\files-2.1\org.springframework.boot\spring-boot-starter-mail\2.6.0\90100afc480e09f6644a7910a5f45bb6d7f567af\spring-boot-starter-mail-2.6.0.jar;C:\Users\dev\.gradle\caches\modules-2\files-2.1\org.springframework.boot\spring-boot-starter-web\2.7.0\7bf2381d030023970b5375c1090545e480467aa1\spring-boot-starter-web-2.7.0.jar;C:\Users\dev\.gradle\caches\modules-2\files-2.1\org.mybatis.spring.boot\mybatis-spring-boot-starter\2.2.2\e4aff8ef9e02358f90b361acc938be3558f29285\mybatis-spring-boot-starter-2.2.2.jar;C:\Users\dev\.gradle\caches\modules-2\files-2.1\org.mybatis\mybatis\3.4.6\a77a546f679533837f6c6a75c034b669f3ce6a2f\mybatis-3.4.6.jar;C:\Users\dev\.gradle\caches\modules-2\files-2.1\org.mybatis\mybatis-spring\2.0.6\eae03712acdf041a3590b816460945d4bd2691bc\mybatis-spring-2.0.6.jar;C:\Users\dev\.gradle\caches\modules-2\files-2.1\org.springframework.boot\spring-boot-starter-jdbc\2.7.0\dd69f21efd63a2a16d631210b5656dc30348451b\spring-boot-starter-jdbc-2.7.0.jar;C:\Users\dev\.gradle\caches\modules-2\files-2.1\org.mariadb.jdbc\mariadb-java-client\3.0.4\fa28784fc03bbe87cb97394373760f6c707f3e9\mariadb-java-client-3.0.4.jar;C:\Users\dev\.gradle\caches\modules-2\files-2.1\javax.annotation\javax.annotation-api\1.3.2\934c04d3cfef185a8008e7bf34331b79730a9d43\javax.annotation-api-1.3.2.jar;C:\Users\dev\.gradle\caches\modules-2\files-2.1\org.springframework.data\spring-data
Launcher Type: SUN_STANDARD

[Global flags]
     intx CICompilerCount                          = 4                                         {product} {ergonomic}
     uint ConcGCThreads                            = 3                                         {product} {ergonomic}
     uint G1ConcRefinementThreads                  = 10                                        {product} {ergonomic}
   size_t G1HeapRegionSize                         = 4194304                                   {product} {ergonomic}
    uintx GCDrainStackTargetSize                   = 64                                        {product} {ergonomic}
   size_t InitialHeapSize                          = 532676608                                 {product} {ergonomic}
     bool ManagementServer                         = true                                      {product} {command line}
   size_t MarkStackSize                            = 4194304                                   {product} {ergonomic}
   size_t MaxHeapSize                              = 8522825728                                {product} {ergonomic}
   size_t MaxNewSize                               = 5112856576                                {product} {ergonomic}
   size_t MinHeapDeltaBytes                        = 4194304                                   {product} {ergonomic}
   size_t MinHeapSize                              = 8388608                                   {product} {ergonomic}
    uintx NonProfiledCodeHeapSize                  = 0                                      {pd product} {ergonomic}
     bool ProfileInterpreter                       = false                                  {pd product} {command line}
    uintx ProfiledCodeHeapSize                     = 0                                      {pd product} {ergonomic}
     bool ShowCodeDetailsInExceptionMessages       = true                                   {manageable} {command line}
   size_t SoftMaxHeapSize                          = 8522825728                             {manageable} {ergonomic}
     intx TieredStopAtLevel                        = 1                                         {product} {command line}
     bool UseCompressedClassPointers               = true                           {product lp64_product} {ergonomic}
     bool UseCompressedOops                        = true                           {product lp64_product} {ergonomic}
     bool UseG1GC                                  = true                                      {product} {ergonomic}
     bool UseLargePagesIndividualAllocation        = false                                  {pd product} {ergonomic}

Logging:
Log output configuration:
 #0: stdout all=warning uptime,level,tags
 #1: stderr all=off uptime,level,tags

Environment Variables:
PATH=D:\Dev\Tools\STS\sts-4.17.2.RELEASE\contents\sts-4.17.2.RELEASE\plugins\org.eclipse.justj.openjdk.hotspot.jre.full.win32.x86_64_17.0.6.v20230125-1136\jre\bin;D:/Dev/Tools/STS/sts-4.17.2.RELEASE/contents/sts-4.17.2.RELEASE//plugins/org.eclipse.justj.openjdk.hotspot.jre.full.win32.x86_64_17.0.6.v20230125-1136/jre/bin/server;D:/Dev/Tools/STS/sts-4.17.2.RELEASE/contents/sts-4.17.2.RELEASE//plugins/org.eclipse.justj.openjdk.hotspot.jre.full.win32.x86_64_17.0.6.v20230125-1136/jre/bin;C:\Program Files\NVIDIA GPU Computing Toolkit\CUDA\v12.0\bin;C:\Program Files\NVIDIA GPU Computing Toolkit\CUDA\v12.0\libnvvp;C:\Program Files (x86)\Common Files\Oracle\Java\javapath;C:\Windows\system32;C:\Windows;C:\Windows\System32\Wbem;C:\Windows\System32\WindowsPowerShell\v1.0\;C:\Windows\System32\OpenSSH\;C:\Program Files (x86)\NVIDIA Corporation\PhysX\Common;C:\Program Files\Bandizip\;C:\Program Files\PuTTY\;C:\ProgramData\chocolatey\bin;C:\Program Files\Git\cmd;C:\Program Files\nodejs\;C:\Program Files\Git LFS;C:\Program Files\NVIDIA Corporation\Nsight Compute 2022.4.1\;C:\Program Files\NVIDIA Corporation\NVIDIA NvDLISR;C:\Users\dev\anaconda3\Library;C:\Users\dev\anaconda3\Scripts;C:\Users\dev\anaconda3;C:\Users\dev\anaconda3;C:\Users\dev\anaconda3\Library\mingw-w64\bin;C:\Users\dev\anaconda3\Library\usr\bin;C:\Users\dev\anaconda3\Library\bin;C:\Users\dev\anaconda3\Scripts;C:\Users\dev\AppData\Local\Programs\Python\Python310\Scripts\;C:\Users\dev\AppData\Local\Programs\Python\Python310\;C:\Users\dev\AppData\Local\Microsoft\WindowsApps;C:\Program Files\JetBrains\IntelliJ IDEA Community Edition 2022.1.2\bin;;C:\gradle-4.10.2\bin;C:\Users\dev\AppData\Roaming\npm;C:\Users\dev\AppData\Local\Programs\Microsoft VS Code\bin;D:\Dev\Tools\STS\sts-4.17.2.RELEASE\contents\sts-4.17.2.RELEASE;
USERNAME=dev
OS=Windows_NT
PROCESSOR_IDENTIFIER=Intel64 Family 6 Model 151 Stepping 5, GenuineIntel
TMP=C:\Users\dev\AppData\Local\Temp
TEMP=C:\Users\dev\AppData\Local\Temp



---------------  S Y S T E M  ---------------

OS:
 Windows 10 , 64 bit Build 19041 (10.0.19041.3393)
OS uptime: 2 days 21:33 hours

CPU: total 12 (initial active 12) (6 cores per cpu, 2 threads per core) family 6 model 151 stepping 5 microcode 0x18, cx8, cmov, fxsr, ht, mmx, 3dnowpref, sse, sse2, sse3, ssse3, sse4.1, sse4.2, popcnt, lzcnt, tsc, tscinvbit, avx, avx2, aes, erms, clmul, bmi1, bmi2, adx, sha, fma, vzeroupper, clflush, clflushopt, clwb

Memory: 4k page, system-wide physical 32509M (14704M free)
TotalPageFile size 106237M (AvailPageFile size 59179M)
current process WorkingSet (physical memory assigned to process): 898M, peak: 898M
current process commit charge ("private bytes"): 1042M, peak: 1052M

vm_info: OpenJDK 64-Bit Server VM (17.0.6+10) for windows-amd64 JRE (17.0.6+10), built on Jan 18 2023 10:08:59 by "temurin" with MS VC++ 16.7 (VS2019)

END.
